#-----------------------------------------------------------
# xsim v2019.2 (64-bit)
# SW Build 2708876 on Wed Nov  6 21:40:23 MST 2019
# IP Build 2700528 on Thu Nov  7 00:09:20 MST 2019
# Start of session at: Fri May 15 09:42:36 2020
# Process ID: 9364
# Current directory: C:/Users/ajaiswal/Downloads/project13-master/mqdss_48.prj/keypair/sim/verilog
# Command line: xsim.exe -mode tcl -source {xsim.dir/crypto_sign_keypair/xsim_script.tcl}
# Log file: C:/Users/ajaiswal/Downloads/project13-master/mqdss_48.prj/keypair/sim/verilog/xsim.log
# Journal file: C:/Users/ajaiswal/Downloads/project13-master/mqdss_48.prj/keypair/sim/verilog\xsim.jou
#-----------------------------------------------------------
source xsim.dir/crypto_sign_keypair/xsim_script.tcl
# xsim {crypto_sign_keypair} -autoloadwcfg -tclbatch {crypto_sign_keypair.tcl}
Vivado Simulator 2019.2
Time resolution is 1 ps
source crypto_sign_keypair.tcl
## run all
////////////////////////////////////////////////////////////////////////////////////
// Inter-Transaction Progress: Completed Transaction / Total Transaction
// Intra-Transaction Progress: Measured Latency / Latency Estimation * 100%
//
// RTL Simulation : "Inter-Transaction Progress" ["Intra-Transaction Progress"] @ "Simulation Time"
////////////////////////////////////////////////////////////////////////////////////
// RTL Simulation : 0 / 1 [n/a] @ "125000"
// RTL Simulation : 1 / 1 [n/a] @ "2400425000"
////////////////////////////////////////////////////////////////////////////////////
$finish called at time : 2400465 ns : File "C:/Users/ajaiswal/Downloads/project13-master/mqdss_48.prj/keypair/sim/verilog/crypto_sign_keypair.autotb.v" Line 574
run: Time (s): cpu = 00:00:00 ; elapsed = 00:00:33 . Memory (MB): peak = 223.637 ; gain = 0.000
## quit
INFO: [Common 17-206] Exiting xsim at Fri May 15 09:43:17 2020...
