

================================================================
== Vivado HLS Report for 'AddRoundKey'
================================================================
* Date:           Fri May 15 09:39:56 2020

* Version:        2019.2 (Build 2704478 on Wed Nov 06 22:10:23 MST 2019)
* Project:        mqdss_48.prj
* Solution:       keypair
* Product family: artix7
* Target device:  xc7a200t-fbg676-2


================================================================
== Performance Estimates
================================================================
+ Timing: 
    * Summary: 
    +--------+----------+----------+------------+
    |  Clock |  Target  | Estimated| Uncertainty|
    +--------+----------+----------+------------+
    |ap_clk  | 10.00 ns | 3.572 ns |   1.25 ns  |
    +--------+----------+----------+------------+

+ Latency: 
    * Summary: 
    +---------+---------+-----------+-----------+-----+-----+----------+
    |  Latency (cycles) |   Latency (absolute)  |  Interval | Pipeline |
    |   min   |   max   |    min    |    max    | min | max |   Type   |
    +---------+---------+-----------+-----------+-----+-----+----------+
    |        8|        8| 80.000 ns | 80.000 ns |    8|    8| function |
    +---------+---------+-----------+-----------+-----+-----+----------+

    + Detail: 
        * Instance: 
        N/A

        * Loop: 
        N/A



================================================================
== Utilization Estimates
================================================================
* Summary: 
+-----------------+---------+-------+--------+--------+-----+
|       Name      | BRAM_18K| DSP48E|   FF   |   LUT  | URAM|
+-----------------+---------+-------+--------+--------+-----+
|DSP              |        -|      -|       -|       -|    -|
|Expression       |        -|      -|       0|     254|    -|
|FIFO             |        -|      -|       -|       -|    -|
|Instance         |        -|      -|       -|       -|    -|
|Memory           |        -|      -|       -|       -|    -|
|Multiplexer      |        -|      -|       -|     150|    -|
|Register         |        -|      -|     366|       -|    -|
+-----------------+---------+-------+--------+--------+-----+
|Total            |        0|      0|     366|     404|    0|
+-----------------+---------+-------+--------+--------+-----+
|Available        |      730|    740|  269200|  134600|    0|
+-----------------+---------+-------+--------+--------+-----+
|Utilization (%)  |        0|      0|   ~0   |   ~0   |    0|
+-----------------+---------+-------+--------+--------+-----+

+ Detail: 
    * Instance: 
    N/A

    * DSP48E: 
    N/A

    * Memory: 
    N/A

    * FIFO: 
    N/A

    * Expression: 
    +-----------------------------+----------+-------+---+----+------------+------------+
    |        Variable Name        | Operation| DSP48E| FF| LUT| Bitwidth P0| Bitwidth P1|
    +-----------------------------+----------+-------+---+----+------------+------------+
    |ap_block_pp0_stage0_11001    |    and   |      0|  0|   2|           1|           1|
    |ap_block_pp0_stage0_subdone  |    or    |      0|  0|   2|           1|           1|
    |or_ln250_10_fu_435_p2        |    or    |      0|  0|   8|           8|           4|
    |or_ln250_11_fu_445_p2        |    or    |      0|  0|   8|           8|           4|
    |or_ln250_12_fu_455_p2        |    or    |      0|  0|   8|           8|           4|
    |or_ln250_13_fu_537_p2        |    or    |      0|  0|   8|           8|           4|
    |or_ln250_14_fu_547_p2        |    or    |      0|  0|   8|           8|           4|
    |or_ln250_1_fu_345_p2         |    or    |      0|  0|   8|           8|           2|
    |or_ln250_2_fu_355_p2         |    or    |      0|  0|   8|           8|           2|
    |or_ln250_3_fu_365_p2         |    or    |      0|  0|   8|           8|           3|
    |or_ln250_4_fu_375_p2         |    or    |      0|  0|   8|           8|           3|
    |or_ln250_5_fu_385_p2         |    or    |      0|  0|   8|           8|           3|
    |or_ln250_6_fu_395_p2         |    or    |      0|  0|   8|           8|           3|
    |or_ln250_7_fu_405_p2         |    or    |      0|  0|   8|           8|           4|
    |or_ln250_8_fu_415_p2         |    or    |      0|  0|   8|           8|           4|
    |or_ln250_9_fu_425_p2         |    or    |      0|  0|   8|           8|           4|
    |or_ln250_fu_334_p2           |    or    |      0|  0|   8|           8|           1|
    |ap_enable_pp0                |    xor   |      0|  0|   2|           1|           2|
    |xor_ln250_10_fu_515_p2       |    xor   |      0|  0|   8|           8|           8|
    |xor_ln250_11_fu_520_p2       |    xor   |      0|  0|   8|           8|           8|
    |xor_ln250_12_fu_525_p2       |    xor   |      0|  0|   8|           8|           8|
    |xor_ln250_13_fu_531_p2       |    xor   |      0|  0|   8|           8|           8|
    |xor_ln250_14_fu_557_p2       |    xor   |      0|  0|   8|           8|           8|
    |xor_ln250_15_fu_562_p2       |    xor   |      0|  0|   8|           8|           8|
    |xor_ln250_1_fu_470_p2        |    xor   |      0|  0|   8|           8|           8|
    |xor_ln250_2_fu_475_p2        |    xor   |      0|  0|   8|           8|           8|
    |xor_ln250_3_fu_480_p2        |    xor   |      0|  0|   8|           8|           8|
    |xor_ln250_4_fu_485_p2        |    xor   |      0|  0|   8|           8|           8|
    |xor_ln250_5_fu_490_p2        |    xor   |      0|  0|   8|           8|           8|
    |xor_ln250_6_fu_495_p2        |    xor   |      0|  0|   8|           8|           8|
    |xor_ln250_7_fu_500_p2        |    xor   |      0|  0|   8|           8|           8|
    |xor_ln250_8_fu_505_p2        |    xor   |      0|  0|   8|           8|           8|
    |xor_ln250_9_fu_510_p2        |    xor   |      0|  0|   8|           8|           8|
    |xor_ln250_fu_465_p2          |    xor   |      0|  0|   8|           8|           8|
    +-----------------------------+----------+-------+---+----+------------+------------+
    |Total                        |          |      0|  0| 254|         251|         181|
    +-----------------------------+----------+-------+---+----+------------+------------+

    * Multiplexer: 
    +-------------------------+----+-----------+-----+-----------+
    |           Name          | LUT| Input Size| Bits| Total Bits|
    +-------------------------+----+-----------+-----+-----------+
    |RoundKey_address0        |  44|          9|    8|         72|
    |RoundKey_address1        |  44|          9|    8|         72|
    |ap_NS_fsm                |  44|          9|    1|          9|
    |ap_enable_reg_pp0_iter0  |   9|          2|    1|          2|
    |ap_enable_reg_pp0_iter1  |   9|          2|    1|          2|
    +-------------------------+----+-----------+-----+-----------+
    |Total                    | 150|         31|   19|        157|
    +-------------------------+----+-----------+-----+-----------+

    * Register: 
    +-----------------------------+---+----+-----+-----------+
    |             Name            | FF| LUT| Bits| Const Bits|
    +-----------------------------+---+----+-----+-----------+
    |RoundKey_load_10_reg_702     |  8|   0|    8|          0|
    |RoundKey_load_11_reg_717     |  8|   0|    8|          0|
    |RoundKey_load_12_reg_722     |  8|   0|    8|          0|
    |RoundKey_load_13_reg_737     |  8|   0|    8|          0|
    |RoundKey_load_14_reg_742     |  8|   0|    8|          0|
    |RoundKey_load_15_reg_757     |  8|   0|    8|          0|
    |RoundKey_load_16_reg_762     |  8|   0|    8|          0|
    |RoundKey_load_17_reg_777     |  8|   0|    8|          0|
    |RoundKey_load_18_reg_782     |  8|   0|    8|          0|
    |RoundKey_load_8_reg_682      |  8|   0|    8|          0|
    |RoundKey_load_9_reg_697      |  8|   0|    8|          0|
    |RoundKey_load_reg_677        |  8|   0|    8|          0|
    |ap_CS_fsm                    |  8|   0|    8|          0|
    |ap_enable_reg_pp0_iter0_reg  |  1|   0|    1|          0|
    |ap_enable_reg_pp0_iter1      |  1|   0|    1|          0|
    |ap_port_reg_state_0_0_read   |  8|   0|    8|          0|
    |ap_port_reg_state_0_1_read   |  8|   0|    8|          0|
    |ap_port_reg_state_0_2_read   |  8|   0|    8|          0|
    |ap_port_reg_state_0_3_read   |  8|   0|    8|          0|
    |ap_port_reg_state_1_0_read   |  8|   0|    8|          0|
    |ap_port_reg_state_1_1_read   |  8|   0|    8|          0|
    |ap_port_reg_state_1_2_read   |  8|   0|    8|          0|
    |ap_port_reg_state_1_3_read   |  8|   0|    8|          0|
    |ap_port_reg_state_2_0_read   |  8|   0|    8|          0|
    |ap_port_reg_state_2_1_read   |  8|   0|    8|          0|
    |ap_port_reg_state_2_2_read   |  8|   0|    8|          0|
    |ap_port_reg_state_2_3_read   |  8|   0|    8|          0|
    |ap_port_reg_state_3_0_read   |  8|   0|    8|          0|
    |ap_port_reg_state_3_1_read   |  8|   0|    8|          0|
    |ap_port_reg_state_3_2_read   |  8|   0|    8|          0|
    |ap_port_reg_state_3_3_read   |  8|   0|    8|          0|
    |shl_ln_reg_649               |  4|   0|    8|          4|
    |state_3_2_read_3_reg_802     |  8|   0|    8|          0|
    |state_3_3_read_3_reg_797     |  8|   0|    8|          0|
    |xor_ln250_10_reg_857         |  8|   0|    8|          0|
    |xor_ln250_11_reg_862         |  8|   0|    8|          0|
    |xor_ln250_12_reg_867         |  8|   0|    8|          0|
    |xor_ln250_13_reg_872         |  8|   0|    8|          0|
    |xor_ln250_1_reg_812          |  8|   0|    8|          0|
    |xor_ln250_2_reg_817          |  8|   0|    8|          0|
    |xor_ln250_3_reg_822          |  8|   0|    8|          0|
    |xor_ln250_4_reg_827          |  8|   0|    8|          0|
    |xor_ln250_5_reg_832          |  8|   0|    8|          0|
    |xor_ln250_6_reg_837          |  8|   0|    8|          0|
    |xor_ln250_7_reg_842          |  8|   0|    8|          0|
    |xor_ln250_8_reg_847          |  8|   0|    8|          0|
    |xor_ln250_9_reg_852          |  8|   0|    8|          0|
    |xor_ln250_reg_807            |  8|   0|    8|          0|
    +-----------------------------+---+----+-----+-----------+
    |Total                        |366|   0|  370|          4|
    +-----------------------------+---+----+-----+-----------+



================================================================
== Interface
================================================================
* Summary: 
+-------------------+-----+-----+------------+----------------+--------------+
|     RTL Ports     | Dir | Bits|  Protocol  |  Source Object |    C Type    |
+-------------------+-----+-----+------------+----------------+--------------+
|ap_clk             |  in |    1| ap_ctrl_hs |   AddRoundKey  | return value |
|ap_rst             |  in |    1| ap_ctrl_hs |   AddRoundKey  | return value |
|ap_start           |  in |    1| ap_ctrl_hs |   AddRoundKey  | return value |
|ap_done            | out |    1| ap_ctrl_hs |   AddRoundKey  | return value |
|ap_idle            | out |    1| ap_ctrl_hs |   AddRoundKey  | return value |
|ap_ready           | out |    1| ap_ctrl_hs |   AddRoundKey  | return value |
|ap_ce              |  in |    1| ap_ctrl_hs |   AddRoundKey  | return value |
|ap_return_0        | out |    8| ap_ctrl_hs |   AddRoundKey  | return value |
|ap_return_1        | out |    8| ap_ctrl_hs |   AddRoundKey  | return value |
|ap_return_2        | out |    8| ap_ctrl_hs |   AddRoundKey  | return value |
|ap_return_3        | out |    8| ap_ctrl_hs |   AddRoundKey  | return value |
|ap_return_4        | out |    8| ap_ctrl_hs |   AddRoundKey  | return value |
|ap_return_5        | out |    8| ap_ctrl_hs |   AddRoundKey  | return value |
|ap_return_6        | out |    8| ap_ctrl_hs |   AddRoundKey  | return value |
|ap_return_7        | out |    8| ap_ctrl_hs |   AddRoundKey  | return value |
|ap_return_8        | out |    8| ap_ctrl_hs |   AddRoundKey  | return value |
|ap_return_9        | out |    8| ap_ctrl_hs |   AddRoundKey  | return value |
|ap_return_10       | out |    8| ap_ctrl_hs |   AddRoundKey  | return value |
|ap_return_11       | out |    8| ap_ctrl_hs |   AddRoundKey  | return value |
|ap_return_12       | out |    8| ap_ctrl_hs |   AddRoundKey  | return value |
|ap_return_13       | out |    8| ap_ctrl_hs |   AddRoundKey  | return value |
|ap_return_14       | out |    8| ap_ctrl_hs |   AddRoundKey  | return value |
|ap_return_15       | out |    8| ap_ctrl_hs |   AddRoundKey  | return value |
|round              |  in |    6|   ap_none  |      round     |    scalar    |
|state_0_0_read     |  in |    8|   ap_none  | state_0_0_read |    scalar    |
|state_0_1_read     |  in |    8|   ap_none  | state_0_1_read |    scalar    |
|state_0_2_read     |  in |    8|   ap_none  | state_0_2_read |    scalar    |
|state_0_3_read     |  in |    8|   ap_none  | state_0_3_read |    scalar    |
|state_1_0_read     |  in |    8|   ap_none  | state_1_0_read |    scalar    |
|state_1_1_read     |  in |    8|   ap_none  | state_1_1_read |    scalar    |
|state_1_2_read     |  in |    8|   ap_none  | state_1_2_read |    scalar    |
|state_1_3_read     |  in |    8|   ap_none  | state_1_3_read |    scalar    |
|state_2_0_read     |  in |    8|   ap_none  | state_2_0_read |    scalar    |
|state_2_1_read     |  in |    8|   ap_none  | state_2_1_read |    scalar    |
|state_2_2_read     |  in |    8|   ap_none  | state_2_2_read |    scalar    |
|state_2_3_read     |  in |    8|   ap_none  | state_2_3_read |    scalar    |
|state_3_0_read     |  in |    8|   ap_none  | state_3_0_read |    scalar    |
|state_3_1_read     |  in |    8|   ap_none  | state_3_1_read |    scalar    |
|state_3_2_read     |  in |    8|   ap_none  | state_3_2_read |    scalar    |
|state_3_3_read     |  in |    8|   ap_none  | state_3_3_read |    scalar    |
|RoundKey_address0  | out |    8|  ap_memory |    RoundKey    |     array    |
|RoundKey_ce0       | out |    1|  ap_memory |    RoundKey    |     array    |
|RoundKey_q0        |  in |    8|  ap_memory |    RoundKey    |     array    |
|RoundKey_address1  | out |    8|  ap_memory |    RoundKey    |     array    |
|RoundKey_ce1       | out |    1|  ap_memory |    RoundKey    |     array    |
|RoundKey_q1        |  in |    8|  ap_memory |    RoundKey    |     array    |
+-------------------+-----+-----+------------+----------------+--------------+

