

================================================================
== Vivado HLS Report for 'AES256_CTR_DRBG_Upda'
================================================================
* Date:           Fri May 15 09:39:59 2020

* Version:        2019.2 (Build 2704478 on Wed Nov 06 22:10:23 MST 2019)
* Project:        mqdss_48.prj
* Solution:       keypair
* Product family: artix7
* Target device:  xc7a200t-fbg676-2


================================================================
== Performance Estimates
================================================================
+ Timing: 
    * Summary: 
    +--------+----------+----------+------------+
    |  Clock |  Target  | Estimated| Uncertainty|
    +--------+----------+----------+------------+
    |ap_clk  | 10.00 ns | 7.424 ns |   1.25 ns  |
    +--------+----------+----------+------------+

+ Latency: 
    * Summary: 
    +---------+---------+-----------+-----------+------+------+---------+
    |  Latency (cycles) |   Latency (absolute)  |   Interval  | Pipeline|
    |   min   |   max   |    min    |    max    |  min |  max |   Type  |
    +---------+---------+-----------+-----------+------+------+---------+
    |     2229|     2325| 22.290 us | 23.250 us |  2229|  2325|   none  |
    +---------+---------+-----------+-----------+------+------+---------+

    + Detail: 
        * Instance: 
        +-------------------------+--------------+---------+---------+----------+----------+-----+-----+---------+
        |                         |              |  Latency (cycles) |  Latency (absolute) |  Interval | Pipeline|
        |         Instance        |    Module    |   min   |   max   |    min   |    max   | min | max |   Type  |
        +-------------------------+--------------+---------+---------+----------+----------+-----+-----+---------+
        |grp_Cipher_fu_477        |Cipher        |      357|      357| 3.570 us | 3.570 us |  357|  357|   none  |
        |grp_KeyExpansion_fu_502  |KeyExpansion  |      332|      332| 3.320 us | 3.320 us |  332|  332|   none  |
        +-------------------------+--------------+---------+---------+----------+----------+-----+-----+---------+

        * Loop: 
        +-------------+---------+---------+-----------+-----------+-----------+--------+----------+
        |             |  Latency (cycles) | Iteration |  Initiation Interval  |  Trip  |          |
        |  Loop Name  |   min   |   max   |  Latency  |  achieved |   target  |  Count | Pipelined|
        +-------------+---------+---------+-----------+-----------+-----------+--------+----------+
        |- Loop 1     |     2130|     2226| 710 ~ 742 |          -|          -|       3|    no    |
        | + Loop 1.1  |        2|       33|          2|          -|          -| 1 ~ 16 |    no    |
        |- Loop 2     |       64|       64|          2|          -|          -|      32|    no    |
        |- Loop 3     |       32|       32|          2|          -|          -|      16|    no    |
        +-------------+---------+---------+-----------+-----------+-----------+--------+----------+



================================================================
== Utilization Estimates
================================================================
* Summary: 
+-----------------+---------+-------+--------+--------+-----+
|       Name      | BRAM_18K| DSP48E|   FF   |   LUT  | URAM|
+-----------------+---------+-------+--------+--------+-----+
|DSP              |        -|      -|       -|       -|    -|
|Expression       |        -|      -|       0|     201|    -|
|FIFO             |        -|      -|       -|       -|    -|
|Instance         |        9|      -|     915|    2650|    -|
|Memory           |        2|      -|       0|       0|    0|
|Multiplexer      |        -|      -|       -|     568|    -|
|Register         |        -|      -|     311|       -|    -|
+-----------------+---------+-------+--------+--------+-----+
|Total            |       11|      0|    1226|    3419|    0|
+-----------------+---------+-------+--------+--------+-----+
|Available        |      730|    740|  269200|  134600|    0|
+-----------------+---------+-------+--------+--------+-----+
|Utilization (%)  |        1|      0|   ~0   |       2|    0|
+-----------------+---------+-------+--------+--------+-----+

+ Detail: 
    * Instance: 
    +-------------------------+--------------+---------+-------+-----+------+-----+
    |         Instance        |    Module    | BRAM_18K| DSP48E|  FF |  LUT | URAM|
    +-------------------------+--------------+---------+-------+-----+------+-----+
    |grp_Cipher_fu_477        |Cipher        |        8|      0|  800|  2012|    0|
    |grp_KeyExpansion_fu_502  |KeyExpansion  |        1|      0|  115|   638|    0|
    +-------------------------+--------------+---------+-------+-----+------+-----+
    |Total                    |              |        9|      0|  915|  2650|    0|
    +-------------------------+--------------+---------+-------+-----+------+-----+

    * DSP48E: 
    N/A

    * Memory: 
    +-----------------+----------------------+---------+---+----+-----+------+-----+------+-------------+
    |      Memory     |        Module        | BRAM_18K| FF| LUT| URAM| Words| Bits| Banks| W*Bits*Banks|
    +-----------------+----------------------+---------+---+----+-----+------+-----+------+-------------+
    |ctx_RoundKey_U   |AES256_CTR_DRBG_Ubkb  |        1|  0|   0|    0|   240|    8|     1|         1920|
    |buffer_assign_U  |AES256_CTR_DRBG_Ucud  |        1|  0|   0|    0|    48|    8|     1|          384|
    +-----------------+----------------------+---------+---+----+-----+------+-----+------+-------------+
    |Total            |                      |        2|  0|   0|    0|   288|   16|     2|         2304|
    +-----------------+----------------------+---------+---+----+-----+------+-----+------+-------------+

    * FIFO: 
    N/A

    * Expression: 
    +----------------------+----------+-------+---+----+------------+------------+
    |     Variable Name    | Operation| DSP48E| FF| LUT| Bitwidth P0| Bitwidth P1|
    +----------------------+----------+-------+---+----+------------+------------+
    |add_ln334_fu_554_p2   |     +    |      0|  0|  15|           8|           1|
    |i_18_fu_814_p2        |     +    |      0|  0|  15|           5|           1|
    |i_19_fu_519_p2        |     +    |      0|  0|  10|           2|           1|
    |i_fu_797_p2           |     +    |      0|  0|  15|           6|           1|
    |j_fu_548_p2           |     +    |      0|  0|  15|           5|           2|
    |icmp_ln328_fu_513_p2  |   icmp   |      0|  0|   8|           2|           2|
    |icmp_ln331_fu_542_p2  |   icmp   |      0|  0|  11|           8|           2|
    |icmp_ln346_fu_791_p2  |   icmp   |      0|  0|  11|           6|           7|
    |icmp_ln348_fu_808_p2  |   icmp   |      0|  0|  11|           5|           6|
    |or_ln187_fu_640_p2    |    or    |      0|  0|   6|           6|           1|
    |or_ln188_fu_651_p2    |    or    |      0|  0|   6|           6|           2|
    |or_ln189_fu_661_p2    |    or    |      0|  0|   6|           6|           2|
    |or_ln190_fu_671_p2    |    or    |      0|  0|   6|           6|           3|
    |or_ln191_fu_681_p2    |    or    |      0|  0|   6|           6|           3|
    |or_ln192_fu_691_p2    |    or    |      0|  0|   6|           6|           3|
    |or_ln193_fu_701_p2    |    or    |      0|  0|   6|           6|           3|
    |or_ln194_fu_711_p2    |    or    |      0|  0|   6|           6|           4|
    |or_ln195_fu_721_p2    |    or    |      0|  0|   6|           6|           4|
    |or_ln196_fu_731_p2    |    or    |      0|  0|   6|           6|           4|
    |or_ln197_fu_741_p2    |    or    |      0|  0|   6|           6|           4|
    |or_ln198_fu_751_p2    |    or    |      0|  0|   6|           6|           4|
    |or_ln199_fu_761_p2    |    or    |      0|  0|   6|           6|           4|
    |or_ln200_fu_771_p2    |    or    |      0|  0|   6|           6|           4|
    |or_ln201_fu_781_p2    |    or    |      0|  0|   6|           6|           4|
    +----------------------+----------+-------+---+----+------------+------------+
    |Total                 |          |      0|  0| 201|         137|          72|
    +----------------------+----------+-------+---+----+------------+------------+

    * Multiplexer: 
    +------------------------+-----+-----------+-----+-----------+
    |          Name          | LUT | Input Size| Bits| Total Bits|
    +------------------------+-----+-----------+-----+-----------+
    |DRBG_ctx_Key_address0   |   15|          3|    5|         15|
    |DRBG_ctx_Key_ce0        |   15|          3|    1|          3|
    |DRBG_ctx_Key_ce1        |    9|          2|    1|          2|
    |V_address0              |   50|         11|    4|         44|
    |V_address1              |   47|         10|    4|         40|
    |V_d0                    |   15|          3|    8|         24|
    |ap_NS_fsm               |  121|         26|    1|         26|
    |buffer_assign_address0  |   47|         10|    6|         60|
    |buffer_assign_address1  |   47|         10|    6|         60|
    |buffer_assign_d0        |   44|          9|    8|         72|
    |buffer_assign_d1        |   44|          9|    8|         72|
    |ctx_RoundKey_address0   |   15|          3|    8|         24|
    |ctx_RoundKey_address1   |   15|          3|    8|         24|
    |ctx_RoundKey_ce0        |   15|          3|    1|          3|
    |ctx_RoundKey_ce1        |   15|          3|    1|          3|
    |ctx_RoundKey_we0        |    9|          2|    1|          2|
    |ctx_RoundKey_we1        |    9|          2|    1|          2|
    |i_0_reg_430             |    9|          2|    2|          4|
    |i_2_reg_454             |    9|          2|    6|         12|
    |i_3_reg_465             |    9|          2|    5|         10|
    |j_0_reg_442             |    9|          2|    5|         10|
    +------------------------+-----+-----------+-----+-----------+
    |Total                   |  568|        120|   90|        512|
    +------------------------+-----+-----------+-----+-----------+

    * Register: 
    +--------------------------------------+----+----+-----+-----------+
    |                 Name                 | FF | LUT| Bits| Const Bits|
    +--------------------------------------+----+----+-----+-----------+
    |V_addr_reg_930                        |   4|   0|    4|          0|
    |ap_CS_fsm                             |  25|   0|   25|          0|
    |grp_Cipher_fu_477_ap_start_reg        |   1|   0|    1|          0|
    |grp_KeyExpansion_fu_502_ap_start_reg  |   1|   0|    1|          0|
    |i_0_reg_430                           |   2|   0|    2|          0|
    |i_18_reg_1132                         |   5|   0|    5|          0|
    |i_19_reg_921                          |   2|   0|    2|          0|
    |i_2_reg_454                           |   6|   0|    6|          0|
    |i_3_reg_465                           |   5|   0|    5|          0|
    |i_reg_1114                            |   6|   0|    6|          0|
    |j_0_reg_442                           |   5|   0|    5|          0|
    |shl_ln_reg_1023                       |   2|   0|    6|          4|
    |test_0_0_2_reg_943                    |   8|   0|    8|          0|
    |test_0_1_2_reg_948                    |   8|   0|    8|          0|
    |test_0_2_2_reg_953                    |   8|   0|    8|          0|
    |test_0_2_reg_1041                     |   8|   0|    8|          0|
    |test_0_3_2_reg_958                    |   8|   0|    8|          0|
    |test_0_3_reg_1046                     |   8|   0|    8|          0|
    |test_1_0_2_reg_963                    |   8|   0|    8|          0|
    |test_1_0_reg_1051                     |   8|   0|    8|          0|
    |test_1_1_2_reg_968                    |   8|   0|    8|          0|
    |test_1_1_reg_1056                     |   8|   0|    8|          0|
    |test_1_2_2_reg_973                    |   8|   0|    8|          0|
    |test_1_2_reg_1061                     |   8|   0|    8|          0|
    |test_1_3_2_reg_978                    |   8|   0|    8|          0|
    |test_1_3_reg_1066                     |   8|   0|    8|          0|
    |test_2_0_2_reg_983                    |   8|   0|    8|          0|
    |test_2_0_reg_1071                     |   8|   0|    8|          0|
    |test_2_1_2_reg_988                    |   8|   0|    8|          0|
    |test_2_1_reg_1076                     |   8|   0|    8|          0|
    |test_2_2_2_reg_993                    |   8|   0|    8|          0|
    |test_2_2_reg_1081                     |   8|   0|    8|          0|
    |test_2_3_2_reg_998                    |   8|   0|    8|          0|
    |test_2_3_reg_1086                     |   8|   0|    8|          0|
    |test_3_0_2_reg_1003                   |   8|   0|    8|          0|
    |test_3_0_reg_1091                     |   8|   0|    8|          0|
    |test_3_1_2_reg_1008                   |   8|   0|    8|          0|
    |test_3_1_reg_1096                     |   8|   0|    8|          0|
    |test_3_2_2_reg_1013                   |   8|   0|    8|          0|
    |test_3_2_reg_1101                     |   8|   0|    8|          0|
    |test_3_3_2_reg_1018                   |   8|   0|    8|          0|
    |test_3_3_reg_1106                     |   8|   0|    8|          0|
    |tmp_reg_926                           |   1|   0|    1|          0|
    |zext_ln347_reg_1119                   |   6|   0|   64|         58|
    +--------------------------------------+----+----+-----+-----------+
    |Total                                 | 311|   0|  373|         62|
    +--------------------------------------+----+----+-----+-----------+



================================================================
== Interface
================================================================
* Summary: 
+-----------------------+-----+-----+------------+----------------------+--------------+
|       RTL Ports       | Dir | Bits|  Protocol  |     Source Object    |    C Type    |
+-----------------------+-----+-----+------------+----------------------+--------------+
|ap_clk                 |  in |    1| ap_ctrl_hs | AES256_CTR_DRBG_Upda | return value |
|ap_rst                 |  in |    1| ap_ctrl_hs | AES256_CTR_DRBG_Upda | return value |
|ap_start               |  in |    1| ap_ctrl_hs | AES256_CTR_DRBG_Upda | return value |
|ap_done                | out |    1| ap_ctrl_hs | AES256_CTR_DRBG_Upda | return value |
|ap_idle                | out |    1| ap_ctrl_hs | AES256_CTR_DRBG_Upda | return value |
|ap_ready               | out |    1| ap_ctrl_hs | AES256_CTR_DRBG_Upda | return value |
|V_address0             | out |    4|  ap_memory |           V          |     array    |
|V_ce0                  | out |    1|  ap_memory |           V          |     array    |
|V_we0                  | out |    1|  ap_memory |           V          |     array    |
|V_d0                   | out |    8|  ap_memory |           V          |     array    |
|V_q0                   |  in |    8|  ap_memory |           V          |     array    |
|V_address1             | out |    4|  ap_memory |           V          |     array    |
|V_ce1                  | out |    1|  ap_memory |           V          |     array    |
|V_we1                  | out |    1|  ap_memory |           V          |     array    |
|V_d1                   | out |    8|  ap_memory |           V          |     array    |
|V_q1                   |  in |    8|  ap_memory |           V          |     array    |
|DRBG_ctx_Key_address0  | out |    5|  ap_memory |     DRBG_ctx_Key     |     array    |
|DRBG_ctx_Key_ce0       | out |    1|  ap_memory |     DRBG_ctx_Key     |     array    |
|DRBG_ctx_Key_we0       | out |    1|  ap_memory |     DRBG_ctx_Key     |     array    |
|DRBG_ctx_Key_d0        | out |    8|  ap_memory |     DRBG_ctx_Key     |     array    |
|DRBG_ctx_Key_q0        |  in |    8|  ap_memory |     DRBG_ctx_Key     |     array    |
|DRBG_ctx_Key_address1  | out |    5|  ap_memory |     DRBG_ctx_Key     |     array    |
|DRBG_ctx_Key_ce1       | out |    1|  ap_memory |     DRBG_ctx_Key     |     array    |
|DRBG_ctx_Key_q1        |  in |    8|  ap_memory |     DRBG_ctx_Key     |     array    |
+-----------------------+-----+-----+------------+----------------------+--------------+

