

================================================================
== Vivado HLS Report for 'Block_entry_proc_pro_1'
================================================================
* Date:           Fri May 15 09:40:11 2020

* Version:        2019.2 (Build 2704478 on Wed Nov 06 22:10:23 MST 2019)
* Project:        mqdss_48.prj
* Solution:       keypair
* Product family: artix7
* Target device:  xc7a200t-fbg676-2


================================================================
== Performance Estimates
================================================================
+ Timing: 
    * Summary: 
    +--------+----------+----------+------------+
    |  Clock |  Target  | Estimated| Uncertainty|
    +--------+----------+----------+------------+
    |ap_clk  | 10.00 ns | 6.300 ns |   1.25 ns  |
    +--------+----------+----------+------------+

+ Latency: 
    * Summary: 
    +---------+---------+-----------+-----------+-----+-----+---------+
    |  Latency (cycles) |   Latency (absolute)  |  Interval | Pipeline|
    |   min   |   max   |    min    |    max    | min | max |   Type  |
    +---------+---------+-----------+-----------+-----+-----+---------+
    |        1|        1| 10.000 ns | 10.000 ns |    1|    1|   none  |
    +---------+---------+-----------+-----------+-----+-----+---------+

    + Detail: 
        * Instance: 
        N/A

        * Loop: 
        N/A



================================================================
== Utilization Estimates
================================================================
* Summary: 
+-----------------+---------+-------+--------+--------+-----+
|       Name      | BRAM_18K| DSP48E|   FF   |   LUT  | URAM|
+-----------------+---------+-------+--------+--------+-----+
|DSP              |        -|      -|       -|       -|    -|
|Expression       |        -|      -|       0|      33|    -|
|FIFO             |        -|      -|       -|       -|    -|
|Instance         |        -|      -|       -|       -|    -|
|Memory           |        -|      -|       -|       -|    -|
|Multiplexer      |        -|      -|       -|      39|    -|
|Register         |        -|      -|       9|       -|    -|
+-----------------+---------+-------+--------+--------+-----+
|Total            |        0|      0|       9|      72|    0|
+-----------------+---------+-------+--------+--------+-----+
|Available        |      730|    740|  269200|  134600|    0|
+-----------------+---------+-------+--------+--------+-----+
|Utilization (%)  |        0|      0|   ~0   |   ~0   |    0|
+-----------------+---------+-------+--------+--------+-----+

+ Detail: 
    * Instance: 
    N/A

    * DSP48E: 
    N/A

    * Memory: 
    N/A

    * FIFO: 
    N/A

    * Expression: 
    +----------------------+----------+-------+---+----+------------+------------+
    |     Variable Name    | Operation| DSP48E| FF| LUT| Bitwidth P0| Bitwidth P1|
    +----------------------+----------+-------+---+----+------------+------------+
    |out_r_d0              |    and   |      0|  0|  16|          16|          16|
    |icmp_ln34_fu_38_p2    |   icmp   |      0|  0|  13|          16|           5|
    |ap_block_state1       |    or    |      0|  0|   2|           1|           1|
    |select_ln34_fu_44_p3  |  select  |      0|  0|   2|           1|           2|
    +----------------------+----------+-------+---+----+------------+------------+
    |Total                 |          |      0|  0|  33|          34|          24|
    +----------------------+----------+-------+---+----+------------+------------+

    * Multiplexer: 
    +----------------+----+-----------+-----+-----------+
    |      Name      | LUT| Input Size| Bits| Total Bits|
    +----------------+----+-----------+-----+-----------+
    |ap_NS_fsm       |  15|          3|    1|          3|
    |ap_done         |   9|          2|    1|          2|
    |out_r_address0  |  15|          3|    6|         18|
    +----------------+----+-----------+-----+-----------+
    |Total           |  39|          8|    8|         23|
    +----------------+----+-----------+-----+-----------+

    * Register: 
    +-----------------+---+----+-----+-----------+
    |       Name      | FF| LUT| Bits| Const Bits|
    +-----------------+---+----+-----+-----------+
    |ap_CS_fsm        |  2|   0|    2|          0|
    |ap_done_reg      |  1|   0|    1|          0|
    |out_addr_reg_59  |  6|   0|    6|          0|
    +-----------------+---+----+-----+-----------+
    |Total            |  9|   0|    9|          0|
    +-----------------+---+----+-----+-----------+



================================================================
== Interface
================================================================
* Summary: 
+----------------+-----+-----+------------+------------------------+--------------+
|    RTL Ports   | Dir | Bits|  Protocol  |      Source Object     |    C Type    |
+----------------+-----+-----+------------+------------------------+--------------+
|ap_clk          |  in |    1| ap_ctrl_hs | Block_entry_proc_pro.1 | return value |
|ap_rst          |  in |    1| ap_ctrl_hs | Block_entry_proc_pro.1 | return value |
|ap_start        |  in |    1| ap_ctrl_hs | Block_entry_proc_pro.1 | return value |
|ap_done         | out |    1| ap_ctrl_hs | Block_entry_proc_pro.1 | return value |
|ap_continue     |  in |    1| ap_ctrl_hs | Block_entry_proc_pro.1 | return value |
|ap_idle         | out |    1| ap_ctrl_hs | Block_entry_proc_pro.1 | return value |
|ap_ready        | out |    1| ap_ctrl_hs | Block_entry_proc_pro.1 | return value |
|out_r_address0  | out |    6|  ap_memory |          out_r         |     array    |
|out_r_ce0       | out |    1|  ap_memory |          out_r         |     array    |
|out_r_we0       | out |    1|  ap_memory |          out_r         |     array    |
|out_r_d0        | out |   16|  ap_memory |          out_r         |     array    |
|out_r_q0        |  in |   16|  ap_memory |          out_r         |     array    |
|i_0_i_i         |  in |    6|   ap_none  |         i_0_i_i        |    scalar    |
+----------------+-----+-----+------------+------------------------+--------------+

