

================================================================
== Vivado HLS Report for 'crypto_sign_keypair'
================================================================
* Date:           Fri May 15 09:40:14 2020

* Version:        2019.2 (Build 2704478 on Wed Nov 06 22:10:23 MST 2019)
* Project:        mqdss_48.prj
* Solution:       keypair
* Product family: artix7
* Target device:  xc7a200t-fbg676-2


================================================================
== Performance Estimates
================================================================
+ Timing: 
    * Summary: 
    +--------+----------+----------+------------+
    |  Clock |  Target  | Estimated| Uncertainty|
    +--------+----------+----------+------------+
    |ap_clk  | 10.00 ns | 7.910 ns |   1.25 ns  |
    +--------+----------+----------+------------+

+ Latency: 
    * Summary: 
    +---------+---------+----------+----------+-----+-----+---------+
    |  Latency (cycles) |  Latency (absolute) |  Interval | Pipeline|
    |   min   |   max   |    min   |    max   | min | max |   Type  |
    +---------+---------+----------+----------+-----+-----+---------+
    |        ?|        ?|         ?|         ?|    ?|    ?|   none  |
    +---------+---------+----------+----------+-----+-----+---------+

    + Detail: 
        * Instance: 
        +-----------------------------------+------------------------+---------+---------+----------+----------+--------+--------+---------+
        |                                   |                        |  Latency (cycles) |  Latency (absolute) |     Interval    | Pipeline|
        |              Instance             |         Module         |   min   |   max   |    min   |    max   |   min  |   max  |   Type  |
        +-----------------------------------+------------------------+---------+---------+----------+----------+--------+--------+---------+
        |grp_gf31_nrand_schar_fu_297        |gf31_nrand_schar        |        ?|        ?|         ?|         ?|       ?|       ?|   none  |
        |grp_gf31_nrand_fu_306              |gf31_nrand              |        ?|        ?|         ?|         ?|       ?|       ?|   none  |
        |grp_keccak_squeezeblocks_fu_314    |keccak_squeezeblocks    |      112|      112| 1.120 us | 1.120 us |     112|     112|   none  |
        |grp_randombytes_fu_322             |randombytes             |        ?|        ?|         ?|         ?|       ?|       ?|   none  |
        |grp_MQ_fu_338                      |MQ                      |   119684|   126452| 1.197 ms | 1.265 ms |  119684|  126452|   none  |
        |grp_keccak_absorb_fu_345           |keccak_absorb           |      464|      464| 4.640 us | 4.640 us |     464|     464|   none  |
        |grp_vgf31_unique_fu_352            |vgf31_unique            |       97|       97| 0.970 us | 0.970 us |      97|      97|   none  |
        |grp_dataflow_parent_loop_1_fu_357  |dataflow_parent_loop_1  |       31|       31| 0.310 us | 0.310 us |      31|      31|   none  |
        +-----------------------------------+------------------------+---------+---------+----------+----------+--------+--------+---------+

        * Loop: 
        +------------------------------+---------+---------+----------+-----------+-----------+------+----------+
        |                              |  Latency (cycles) | Iteration|  Initiation Interval  | Trip |          |
        |           Loop Name          |   min   |   max   |  Latency |  achieved |   target  | Count| Pipelined|
        +------------------------------+---------+---------+----------+-----------+-----------+------+----------+
        |- Loop 1                      |       25|       25|         1|          -|          -|    25|    no    |
        |- shake256_label1             |       64|       64|         2|          -|          -|    32|    no    |
        |- crypto_sign_keypair_label6  |       16|       16|         2|          1|          1|    16|    yes   |
        |- gf31_npack_label4           |      192|      192|         4|          -|          -|    48|    no    |
        +------------------------------+---------+---------+----------+-----------+-----------+------+----------+



================================================================
== Utilization Estimates
================================================================
* Summary: 
+-----------------+---------+-------+--------+--------+-----+
|       Name      | BRAM_18K| DSP48E|   FF   |   LUT  | URAM|
+-----------------+---------+-------+--------+--------+-----+
|DSP              |        -|      -|       -|       -|    -|
|Expression       |        -|      -|       0|     535|    -|
|FIFO             |        -|      -|       -|       -|    -|
|Instance         |       43|      2|   13298|   63352|    0|
|Memory           |       25|      -|      58|      20|    0|
|Multiplexer      |        -|      -|       -|     696|    -|
|Register         |        -|      -|     236|       -|    -|
+-----------------+---------+-------+--------+--------+-----+
|Total            |       68|      2|   13592|   64603|    0|
+-----------------+---------+-------+--------+--------+-----+
|Available        |      730|    740|  269200|  134600|    0|
+-----------------+---------+-------+--------+--------+-----+
|Utilization (%)  |        9|   ~0  |       5|      47|    0|
+-----------------+---------+-------+--------+--------+-----+

+ Detail: 
    * Instance: 
    +-----------------------------------+------------------------+---------+-------+------+-------+-----+
    |              Instance             |         Module         | BRAM_18K| DSP48E|  FF  |  LUT  | URAM|
    +-----------------------------------+------------------------+---------+-------+------+-------+-----+
    |grp_MQ_fu_338                      |MQ                      |        2|      2|   421|   1392|    0|
    |grp_dataflow_parent_loop_1_fu_357  |dataflow_parent_loop_1  |        0|      0|    13|     86|    0|
    |grp_gf31_nrand_fu_306              |gf31_nrand              |        8|      0|  3470|  18284|    0|
    |grp_gf31_nrand_schar_fu_297        |gf31_nrand_schar        |        8|      0|  3440|  18327|    0|
    |grp_keccak_absorb_fu_345           |keccak_absorb           |        1|      0|   127|    625|    0|
    |grp_keccak_squeezeblocks_fu_314    |keccak_squeezeblocks    |        2|      0|  3200|  17261|    0|
    |grp_randombytes_fu_322             |randombytes             |       22|      0|  2606|   7242|    0|
    |grp_vgf31_unique_fu_352            |vgf31_unique            |        0|      0|    21|    135|    0|
    +-----------------------------------+------------------------+---------+-------+------+-------+-----+
    |Total                              |                        |       43|      2| 13298|  63352|    0|
    +-----------------------------------+------------------------+---------+-------+------+-------+-----+

    * DSP48E: 
    N/A

    * Memory: 
    +-----------+----------------------+---------+----+----+-----+-------+-----+------+-------------+
    |   Memory  |        Module        | BRAM_18K| FF | LUT| URAM| Words | Bits| Banks| W*Bits*Banks|
    +-----------+----------------------+---------+----+----+-----+-------+-----+------+-------------+
    |F_U        |crypto_sign_keypaocq  |       20|   0|   0|    0|  58752|    5|     1|       293760|
    |skbuf_U    |crypto_sign_keypapcA  |        0|  16|   4|    0|     32|    8|     1|          256|
    |sk_gf31_U  |crypto_sign_keypaqcK  |        0|  10|   4|    0|     48|    5|     1|          240|
    |pk_gf31_U  |crypto_sign_keyparcU  |        0|  32|  12|    0|     48|   16|     1|          768|
    |s_U        |gf31_nrand_schar_g8j  |        4|   0|   0|    0|     25|   64|     1|         1600|
    |d_i_U      |gf31_nrand_schar_hbi  |        1|   0|   0|    0|    136|    8|     1|         1088|
    +-----------+----------------------+---------+----+----+-----+-------+-----+------+-------------+
    |Total      |                      |       25|  58|  20|    0|  59041|  106|     6|       297712|
    +-----------+----------------------+---------+----+----+-----+-------+-----+------+-------------+

    * FIFO: 
    N/A

    * Expression: 
    +----------------------------------------------------+----------+-------+---+-----+------------+------------+
    |                    Variable Name                   | Operation| DSP48E| FF| LUT | Bitwidth P0| Bitwidth P1|
    +----------------------------------------------------+----------+-------+---+-----+------------+------------+
    |add_ln134_1_fu_461_p2                               |     +    |      0|  0|   15|           3|           8|
    |add_ln134_fu_446_p2                                 |     +    |      0|  0|   15|           5|           7|
    |add_ln138_fu_547_p2                                 |     +    |      0|  0|   15|           5|           7|
    |d_1_fu_563_p2                                       |     +    |      0|  0|   39|           4|          32|
    |d_fu_483_p2                                         |     +    |      0|  0|   39|           4|          32|
    |i_12_fu_394_p2                                      |     +    |      0|  0|   15|           6|           1|
    |i_14_fu_472_p2                                      |     +    |      0|  0|   39|           1|          32|
    |i_fu_377_p2                                         |     +    |      0|  0|   15|           5|           1|
    |j_fu_428_p2                                         |     +    |      0|  0|   15|           6|           1|
    |loop_fu_406_p2                                      |     +    |      0|  0|   15|           5|           1|
    |sub_ln134_fu_504_p2                                 |     -    |      0|  0|   39|           1|          32|
    |and_ln134_1_fu_526_p2                               |    and   |      0|  0|    8|           8|           8|
    |and_ln134_fu_494_p2                                 |    and   |      0|  0|    8|           8|           8|
    |and_ln138_fu_580_p2                                 |    and   |      0|  0|    8|           8|           8|
    |icmp_ln131_fu_422_p2                                |   icmp   |      0|  0|   11|           6|           6|
    |icmp_ln396_fu_371_p2                                |   icmp   |      0|  0|   11|           5|           4|
    |icmp_ln405_fu_388_p2                                |   icmp   |      0|  0|   11|           6|           7|
    |icmp_ln80_fu_400_p2                                 |   icmp   |      0|  0|   11|           5|           6|
    |lshr_ln134_fu_510_p2                                |   lshr   |      0|  0|  101|          32|          32|
    |ap_block_state12_on_subcall_done                    |    or    |      0|  0|    2|           1|           1|
    |ap_block_state14_on_subcall_done                    |    or    |      0|  0|    2|           1|           1|
    |ap_sync_grp_dataflow_parent_loop_1_fu_357_ap_done   |    or    |      0|  0|    2|           1|           1|
    |ap_sync_grp_dataflow_parent_loop_1_fu_357_ap_ready  |    or    |      0|  0|    2|           1|           1|
    |ap_sync_grp_vgf31_unique_fu_352_ap_done             |    or    |      0|  0|    2|           1|           1|
    |ap_sync_grp_vgf31_unique_fu_352_ap_ready            |    or    |      0|  0|    2|           1|           1|
    |or_ln134_fu_532_p2                                  |    or    |      0|  0|    8|           8|           8|
    |or_ln138_fu_599_p2                                  |    or    |      0|  0|    8|           8|           8|
    |shl_ln134_fu_489_p2                                 |    shl   |      0|  0|   19|           2|           8|
    |shl_ln138_1_fu_594_p2                               |    shl   |      0|  0|   19|           8|           8|
    |shl_ln138_fu_569_p2                                 |    shl   |      0|  0|   19|           5|           8|
    |ap_enable_pp0                                       |    xor   |      0|  0|    2|           1|           2|
    |ap_enable_reg_pp0_iter1                             |    xor   |      0|  0|    2|           2|           1|
    |xor_ln134_fu_520_p2                                 |    xor   |      0|  0|    8|           8|           2|
    |xor_ln138_fu_574_p2                                 |    xor   |      0|  0|    8|           8|           2|
    +----------------------------------------------------+----------+-------+---+-----+------------+------------+
    |Total                                               |          |      0|  0|  535|         179|         286|
    +----------------------------------------------------+----------+-------+---+-----+------------+------------+

    * Multiplexer: 
    +---------------------------+----+-----------+-----+-----------+
    |            Name           | LUT| Input Size| Bits| Total Bits|
    +---------------------------+----+-----------+-----+-----------+
    |DRBG_ctx_reseed_counter_o  |   9|          2|   32|         64|
    |F_address0                 |  15|          3|   16|         48|
    |F_ce0                      |  15|          3|    1|          3|
    |F_ce1                      |   9|          2|    1|          2|
    |F_we0                      |   9|          2|    1|          2|
    |ap_NS_fsm                  |  97|         20|    1|         20|
    |ap_enable_reg_pp0_iter1    |  15|          3|    1|          3|
    |d_0_i_reg_275              |   9|          2|   32|         64|
    |d_1_i_reg_287              |   9|          2|   32|         64|
    |d_i_address0               |  15|          3|    8|         24|
    |d_i_ce0                    |  15|          3|    1|          3|
    |d_i_ce1                    |   9|          2|    1|          2|
    |d_i_we0                    |   9|          2|    1|          2|
    |d_i_we1                    |   9|          2|    1|          2|
    |i_0_i_reg_230              |   9|          2|    5|         10|
    |i_13_fu_132                |   9|          2|   32|         64|
    |i_1_i_reg_241              |   9|          2|    6|         12|
    |j_1_i_reg_263              |   9|          2|    6|         12|
    |loop_0_reg_252             |   9|          2|    5|         10|
    |pk_address0                |  41|          8|    6|         48|
    |pk_ce0                     |  21|          4|    1|          4|
    |pk_d0                      |  27|          5|    8|         40|
    |pk_gf31_address0           |  27|          5|    6|         30|
    |pk_gf31_ce0                |  21|          4|    1|          4|
    |pk_gf31_d0                 |  15|          3|   16|         48|
    |pk_gf31_we0                |  15|          3|    1|          3|
    |pk_we0                     |  15|          3|    1|          3|
    |s_address0                 |  21|          4|    5|         20|
    |s_ce0                      |  21|          4|    1|          4|
    |s_ce1                      |   9|          2|    1|          2|
    |s_d0                       |  21|          4|   64|        256|
    |s_we0                      |  21|          4|    1|          4|
    |s_we1                      |   9|          2|    1|          2|
    |sk_address0                |  15|          3|    4|         12|
    |sk_ce0                     |  15|          3|    1|          3|
    |sk_gf31_address0           |  15|          3|    6|         18|
    |sk_gf31_ce0                |  15|          3|    1|          3|
    |sk_gf31_ce1                |   9|          2|    1|          2|
    |sk_gf31_we0                |   9|          2|    1|          2|
    |sk_we0                     |   9|          2|    1|          2|
    |skbuf_address0             |  21|          4|    5|         20|
    |skbuf_ce0                  |  15|          3|    1|          3|
    +---------------------------+----+-----------+-----+-----------+
    |Total                      | 696|        141|  317|        944|
    +---------------------------+----+-----------+-----+-----------+

    * Register: 
    +--------------------------------------------------------+----+----+-----+-----------+
    |                          Name                          | FF | LUT| Bits| Const Bits|
    +--------------------------------------------------------+----+----+-----+-----------+
    |add_ln134_1_reg_676                                     |   8|   0|    8|          0|
    |ap_CS_fsm                                               |  19|   0|   19|          0|
    |ap_enable_reg_pp0_iter0                                 |   1|   0|    1|          0|
    |ap_enable_reg_pp0_iter1                                 |   1|   0|    1|          0|
    |ap_sync_reg_grp_dataflow_parent_loop_1_fu_357_ap_done   |   1|   0|    1|          0|
    |ap_sync_reg_grp_dataflow_parent_loop_1_fu_357_ap_ready  |   1|   0|    1|          0|
    |ap_sync_reg_grp_vgf31_unique_fu_352_ap_done             |   1|   0|    1|          0|
    |ap_sync_reg_grp_vgf31_unique_fu_352_ap_ready            |   1|   0|    1|          0|
    |d_0_i_reg_275                                           |  32|   0|   32|          0|
    |d_1_i_reg_287                                           |  32|   0|   32|          0|
    |d_1_reg_707                                             |  32|   0|   32|          0|
    |grp_MQ_fu_338_ap_start_reg                              |   1|   0|    1|          0|
    |grp_dataflow_parent_loop_1_fu_357_ap_start_reg          |   1|   0|    1|          0|
    |grp_gf31_nrand_fu_306_ap_start_reg                      |   1|   0|    1|          0|
    |grp_gf31_nrand_schar_fu_297_ap_start_reg                |   1|   0|    1|          0|
    |grp_keccak_absorb_fu_345_ap_start_reg                   |   1|   0|    1|          0|
    |grp_keccak_squeezeblocks_fu_314_ap_start_reg            |   1|   0|    1|          0|
    |grp_randombytes_fu_322_ap_start_reg                     |   1|   0|    1|          0|
    |grp_vgf31_unique_fu_352_ap_start_reg                    |   1|   0|    1|          0|
    |i_0_i_reg_230                                           |   5|   0|    5|          0|
    |i_12_reg_623                                            |   6|   0|    6|          0|
    |i_13_fu_132                                             |  32|   0|   32|          0|
    |i_1_i_reg_241                                           |   6|   0|    6|          0|
    |icmp_ln80_reg_633                                       |   1|   0|    1|          0|
    |j_1_i_reg_263                                           |   6|   0|    6|          0|
    |j_reg_662                                               |   6|   0|    6|          0|
    |loop_0_reg_252                                          |   5|   0|    5|          0|
    |pk_addr_1_reg_671                                       |   6|   0|    6|          0|
    |pk_addr_2_reg_697                                       |   6|   0|    6|          0|
    |tmp_7_reg_667                                           |   1|   0|    1|          0|
    |trunc_ln138_1_reg_691                                   |   8|   0|    8|          0|
    |zext_ln405_reg_614                                      |   6|   0|   64|         58|
    |zext_ln81_reg_642                                       |   5|   0|   64|         59|
    +--------------------------------------------------------+----+----+-----+-----------+
    |Total                                                   | 236|   0|  353|        117|
    +--------------------------------------------------------+----+----+-----+-----------+



================================================================
== Interface
================================================================
* Summary: 
+----------------------------------+-----+-----+------------+-------------------------+--------------+
|             RTL Ports            | Dir | Bits|  Protocol  |      Source Object      |    C Type    |
+----------------------------------+-----+-----+------------+-------------------------+--------------+
|ap_clk                            |  in |    1| ap_ctrl_hs |   crypto_sign_keypair   | return value |
|ap_rst                            |  in |    1| ap_ctrl_hs |   crypto_sign_keypair   | return value |
|ap_start                          |  in |    1| ap_ctrl_hs |   crypto_sign_keypair   | return value |
|ap_done                           | out |    1| ap_ctrl_hs |   crypto_sign_keypair   | return value |
|ap_idle                           | out |    1| ap_ctrl_hs |   crypto_sign_keypair   | return value |
|ap_ready                          | out |    1| ap_ctrl_hs |   crypto_sign_keypair   | return value |
|ap_return                         | out |   32| ap_ctrl_hs |   crypto_sign_keypair   | return value |
|pk_address0                       | out |    6|  ap_memory |            pk           |     array    |
|pk_ce0                            | out |    1|  ap_memory |            pk           |     array    |
|pk_we0                            | out |    1|  ap_memory |            pk           |     array    |
|pk_d0                             | out |    8|  ap_memory |            pk           |     array    |
|pk_q0                             |  in |    8|  ap_memory |            pk           |     array    |
|sk_address0                       | out |    4|  ap_memory |            sk           |     array    |
|sk_ce0                            | out |    1|  ap_memory |            sk           |     array    |
|sk_we0                            | out |    1|  ap_memory |            sk           |     array    |
|sk_d0                             | out |    8|  ap_memory |            sk           |     array    |
|sk_q0                             |  in |    8|  ap_memory |            sk           |     array    |
|DRBG_ctx_V_address0               | out |    4|  ap_memory |        DRBG_ctx_V       |     array    |
|DRBG_ctx_V_ce0                    | out |    1|  ap_memory |        DRBG_ctx_V       |     array    |
|DRBG_ctx_V_we0                    | out |    1|  ap_memory |        DRBG_ctx_V       |     array    |
|DRBG_ctx_V_d0                     | out |    8|  ap_memory |        DRBG_ctx_V       |     array    |
|DRBG_ctx_V_q0                     |  in |    8|  ap_memory |        DRBG_ctx_V       |     array    |
|DRBG_ctx_V_address1               | out |    4|  ap_memory |        DRBG_ctx_V       |     array    |
|DRBG_ctx_V_ce1                    | out |    1|  ap_memory |        DRBG_ctx_V       |     array    |
|DRBG_ctx_V_we1                    | out |    1|  ap_memory |        DRBG_ctx_V       |     array    |
|DRBG_ctx_V_d1                     | out |    8|  ap_memory |        DRBG_ctx_V       |     array    |
|DRBG_ctx_V_q1                     |  in |    8|  ap_memory |        DRBG_ctx_V       |     array    |
|DRBG_ctx_Key_address0             | out |    5|  ap_memory |       DRBG_ctx_Key      |     array    |
|DRBG_ctx_Key_ce0                  | out |    1|  ap_memory |       DRBG_ctx_Key      |     array    |
|DRBG_ctx_Key_we0                  | out |    1|  ap_memory |       DRBG_ctx_Key      |     array    |
|DRBG_ctx_Key_d0                   | out |    8|  ap_memory |       DRBG_ctx_Key      |     array    |
|DRBG_ctx_Key_q0                   |  in |    8|  ap_memory |       DRBG_ctx_Key      |     array    |
|DRBG_ctx_Key_address1             | out |    5|  ap_memory |       DRBG_ctx_Key      |     array    |
|DRBG_ctx_Key_ce1                  | out |    1|  ap_memory |       DRBG_ctx_Key      |     array    |
|DRBG_ctx_Key_q1                   |  in |    8|  ap_memory |       DRBG_ctx_Key      |     array    |
|DRBG_ctx_reseed_counter_i         |  in |   32|   ap_ovld  | DRBG_ctx_reseed_counter |    pointer   |
|DRBG_ctx_reseed_counter_o         | out |   32|   ap_ovld  | DRBG_ctx_reseed_counter |    pointer   |
|DRBG_ctx_reseed_counter_o_ap_vld  | out |    1|   ap_ovld  | DRBG_ctx_reseed_counter |    pointer   |
+----------------------------------+-----+-----+------------+-------------------------+--------------+

