

================================================================
== Vivado HLS Report for 'generate_quadratic_t'
================================================================
* Date:           Fri May 15 09:40:09 2020

* Version:        2019.2 (Build 2704478 on Wed Nov 06 22:10:23 MST 2019)
* Project:        mqdss_48.prj
* Solution:       keypair
* Product family: artix7
* Target device:  xc7a200t-fbg676-2


================================================================
== Performance Estimates
================================================================
+ Timing: 
    * Summary: 
    +--------+----------+----------+------------+
    |  Clock |  Target  | Estimated| Uncertainty|
    +--------+----------+----------+------------+
    |ap_clk  | 10.00 ns | 7.910 ns |   1.25 ns  |
    +--------+----------+----------+------------+

+ Latency: 
    * Summary: 
    +---------+---------+----------+-----------+-----+------+---------+
    |  Latency (cycles) |  Latency (absolute)  |  Interval  | Pipeline|
    |   min   |   max   |    min   |    max    | min |  max |   Type  |
    +---------+---------+----------+-----------+-----+------+---------+
    |      241|     7009| 2.410 us | 70.090 us |  241|  7009|   none  |
    +---------+---------+----------+-----------+-----+------+---------+

    + Detail: 
        * Instance: 
        N/A

        * Loop: 
        +---------------------------------------+---------+---------+----------+-----------+-----------+--------+----------+
        |                                       |  Latency (cycles) | Iteration|  Initiation Interval  |  Trip  |          |
        |               Loop Name               |   min   |   max   |  Latency |  achieved |   target  |  Count | Pipelined|
        +---------------------------------------+---------+---------+----------+-----------+-----------+--------+----------+
        |- generate_quadratic_terms_label26     |      240|     7008|  5 ~ 146 |          -|          -|      48|    no    |
        | + generate_quadratic_terms_label26.1  |        3|      144|         3|          -|          -| 1 ~ 48 |    no    |
        +---------------------------------------+---------+---------+----------+-----------+-----------+--------+----------+



================================================================
== Utilization Estimates
================================================================
* Summary: 
+-----------------+---------+-------+--------+--------+-----+
|       Name      | BRAM_18K| DSP48E|   FF   |   LUT  | URAM|
+-----------------+---------+-------+--------+--------+-----+
|DSP              |        -|      -|       -|       -|    -|
|Expression       |        -|      0|       0|     216|    -|
|FIFO             |        -|      -|       -|       -|    -|
|Instance         |        -|      -|       -|       -|    -|
|Memory           |        -|      -|       -|       -|    -|
|Multiplexer      |        -|      -|       -|      78|    -|
|Register         |        -|      -|      83|       -|    -|
+-----------------+---------+-------+--------+--------+-----+
|Total            |        0|      0|      83|     294|    0|
+-----------------+---------+-------+--------+--------+-----+
|Available        |      730|    740|  269200|  134600|    0|
+-----------------+---------+-------+--------+--------+-----+
|Utilization (%)  |        0|      0|   ~0   |   ~0   |    0|
+-----------------+---------+-------+--------+--------+-----+

+ Detail: 
    * Instance: 
    N/A

    * DSP48E: 
    N/A

    * Memory: 
    N/A

    * FIFO: 
    N/A

    * Expression: 
    +-----------------------+----------+-------+---+----+------------+------------+
    |     Variable Name     | Operation| DSP48E| FF| LUT| Bitwidth P0| Bitwidth P1|
    +-----------------------+----------+-------+---+----+------------+------------+
    |mul_ln12_fu_194_p2     |     *    |      0|  0|  17|           5|           5|
    |add_ln10_fu_180_p2     |     +    |      0|  0|  15|           6|           1|
    |add_ln13_fu_310_p2     |     +    |      0|  0|  19|           1|          12|
    |add_ln20_fu_222_p2     |     +    |      0|  0|  15|           5|           5|
    |add_ln23_fu_269_p2     |     +    |      0|  0|  15|           5|           5|
    |i_fu_146_p2            |     +    |      0|  0|  15|           6|           1|
    |j_fu_169_p2            |     +    |      0|  0|  15|           6|           1|
    |k_fu_152_p2            |     +    |      0|  0|  19|          12|          12|
    |t_1_fu_228_p2          |     +    |      0|  0|  15|           6|           6|
    |t_2_fu_248_p2          |     +    |      0|  0|  15|           6|           6|
    |t_3_fu_278_p2          |     +    |      0|  0|  15|           6|           6|
    |xij_d0                 |    and   |      0|  0|   6|           6|           6|
    |icmp_ln10_fu_140_p2    |   icmp   |      0|  0|  11|           6|           5|
    |icmp_ln11_fu_163_p2    |   icmp   |      0|  0|  11|           6|           6|
    |icmp_ln24_fu_284_p2    |   icmp   |      0|  0|  11|           6|           5|
    |select_ln24_fu_290_p3  |  select  |      0|  0|   2|           1|           2|
    +-----------------------+----------+-------+---+----+------------+------------+
    |Total                  |          |      0|  0| 216|          89|          84|
    +-----------------------+----------+-------+---+----+------------+------------+

    * Multiplexer: 
    +-------------------+----+-----------+-----+-----------+
    |        Name       | LUT| Input Size| Bits| Total Bits|
    +-------------------+----+-----------+-----+-----------+
    |ap_NS_fsm          |  33|          6|    1|          6|
    |i_0_reg_91         |   9|          2|    6|         12|
    |indvars_iv_reg_79  |   9|          2|    6|         12|
    |j_0_reg_114        |   9|          2|    6|         12|
    |k_0_reg_102        |   9|          2|   12|         24|
    |k_1_reg_125        |   9|          2|   12|         24|
    +-------------------+----+-----------+-----+-----------+
    |Total              |  78|         16|   43|         90|
    +-------------------+----+-----------+-----+-----------+

    * Register: 
    +-------------------+----+----+-----+-----------+
    |        Name       | FF | LUT| Bits| Const Bits|
    +-------------------+----+----+-----+-----------+
    |add_ln20_reg_352   |   5|   0|    5|          0|
    |ap_CS_fsm          |   5|   0|    5|          0|
    |i_0_reg_91         |   6|   0|    6|          0|
    |i_reg_319          |   6|   0|    6|          0|
    |indvars_iv_reg_79  |   6|   0|    6|          0|
    |j_0_reg_114        |   6|   0|    6|          0|
    |j_reg_337          |   6|   0|    6|          0|
    |k_0_reg_102        |  12|   0|   12|          0|
    |k_1_reg_125        |  12|   0|   12|          0|
    |k_reg_324          |  12|   0|   12|          0|
    |tmp_reg_358        |   1|   0|    1|          0|
    |x_addr_reg_329     |   6|   0|    6|          0|
    +-------------------+----+----+-----+-----------+
    |Total              |  83|   0|   83|          0|
    +-------------------+----+----+-----+-----------+



================================================================
== Interface
================================================================
* Summary: 
+--------------+-----+-----+------------+----------------------+--------------+
|   RTL Ports  | Dir | Bits|  Protocol  |     Source Object    |    C Type    |
+--------------+-----+-----+------------+----------------------+--------------+
|ap_clk        |  in |    1| ap_ctrl_hs | generate_quadratic_t | return value |
|ap_rst        |  in |    1| ap_ctrl_hs | generate_quadratic_t | return value |
|ap_start      |  in |    1| ap_ctrl_hs | generate_quadratic_t | return value |
|ap_done       | out |    1| ap_ctrl_hs | generate_quadratic_t | return value |
|ap_idle       | out |    1| ap_ctrl_hs | generate_quadratic_t | return value |
|ap_ready      | out |    1| ap_ctrl_hs | generate_quadratic_t | return value |
|xij_address0  | out |   11|  ap_memory |          xij         |     array    |
|xij_ce0       | out |    1|  ap_memory |          xij         |     array    |
|xij_we0       | out |    1|  ap_memory |          xij         |     array    |
|xij_d0        | out |    6|  ap_memory |          xij         |     array    |
|x_address0    | out |    6|  ap_memory |           x          |     array    |
|x_ce0         | out |    1|  ap_memory |           x          |     array    |
|x_q0          |  in |    5|  ap_memory |           x          |     array    |
|x_address1    | out |    6|  ap_memory |           x          |     array    |
|x_ce1         | out |    1|  ap_memory |           x          |     array    |
|x_q1          |  in |    5|  ap_memory |           x          |     array    |
+--------------+-----+-----+------------+----------------------+--------------+

