

================================================================
== Vivado HLS Report for 'gf31_nrand_schar'
================================================================
* Date:           Fri May 15 09:40:06 2020

* Version:        2019.2 (Build 2704478 on Wed Nov 06 22:10:23 MST 2019)
* Project:        mqdss_48.prj
* Solution:       keypair
* Product family: artix7
* Target device:  xc7a200t-fbg676-2


================================================================
== Performance Estimates
================================================================
+ Timing: 
    * Summary: 
    +--------+----------+----------+------------+
    |  Clock |  Target  | Estimated| Uncertainty|
    +--------+----------+----------+------------+
    |ap_clk  | 10.00 ns | 7.092 ns |   1.25 ns  |
    +--------+----------+----------+------------+

+ Latency: 
    * Summary: 
    +---------+---------+----------+----------+-----+-----+---------+
    |  Latency (cycles) |  Latency (absolute) |  Interval | Pipeline|
    |   min   |   max   |    min   |    max   | min | max |   Type  |
    +---------+---------+----------+----------+-----+-----+---------+
    |        ?|        ?|         ?|         ?|    ?|    ?|   none  |
    +---------+---------+----------+----------+-----+-----+---------+

    + Detail: 
        * Instance: 
        +---------------------------------+----------------------+---------+---------+----------+----------+-----+-----+---------+
        |                                 |                      |  Latency (cycles) |  Latency (absolute) |  Interval | Pipeline|
        |             Instance            |        Module        |   min   |   max   |    min   |    max   | min | max |   Type  |
        +---------------------------------+----------------------+---------+---------+----------+----------+-----+-----+---------+
        |grp_keccak_squeezeblocks_fu_126  |keccak_squeezeblocks  |      112|      112| 1.120 us | 1.120 us |  112|  112|   none  |
        |grp_keccak_absorb_2_fu_134       |keccak_absorb_2       |      464|      464| 4.640 us | 4.640 us |  464|  464|   none  |
        +---------------------------------+----------------------+---------+---------+----------+----------+-----+-----+---------+

        * Loop: 
        +----------------------------+---------+---------+----------+-----------+-----------+------+----------+
        |                            |  Latency (cycles) | Iteration|  Initiation Interval  | Trip |          |
        |          Loop Name         |   min   |   max   |  Latency |  achieved |   target  | Count| Pipelined|
        +----------------------------+---------+---------+----------+-----------+-----------+------+----------+
        |- memset_shakestate         |       24|       24|         1|          -|          -|    25|    no    |
        |- gf31_nrand_schar_label2   |        ?|        ?|         ?|          -|          -|     ?|    no    |
        | + gf31_nrand_schar_label1  |        ?|        ?|         2|          1|          1|     ?|    yes   |
        +----------------------------+---------+---------+----------+-----------+-----------+------+----------+



================================================================
== Utilization Estimates
================================================================
* Summary: 
+-----------------+---------+-------+--------+--------+-----+
|       Name      | BRAM_18K| DSP48E|   FF   |   LUT  | URAM|
+-----------------+---------+-------+--------+--------+-----+
|DSP              |        -|      -|       -|       -|    -|
|Expression       |        -|      -|       0|     172|    -|
|FIFO             |        -|      -|       -|       -|    -|
|Instance         |        3|      -|    3327|   17886|    0|
|Memory           |        5|      -|       0|       0|    0|
|Multiplexer      |        -|      -|       -|     269|    -|
|Register         |        -|      -|     113|       -|    -|
+-----------------+---------+-------+--------+--------+-----+
|Total            |        8|      0|    3440|   18327|    0|
+-----------------+---------+-------+--------+--------+-----+
|Available        |      730|    740|  269200|  134600|    0|
+-----------------+---------+-------+--------+--------+-----+
|Utilization (%)  |        1|      0|       1|      13|    0|
+-----------------+---------+-------+--------+--------+-----+

+ Detail: 
    * Instance: 
    +---------------------------------+----------------------+---------+-------+------+-------+-----+
    |             Instance            |        Module        | BRAM_18K| DSP48E|  FF  |  LUT  | URAM|
    +---------------------------------+----------------------+---------+-------+------+-------+-----+
    |grp_keccak_absorb_2_fu_134       |keccak_absorb_2       |        1|      0|   127|    625|    0|
    |grp_keccak_squeezeblocks_fu_126  |keccak_squeezeblocks  |        2|      0|  3200|  17261|    0|
    +---------------------------------+----------------------+---------+-------+------+-------+-----+
    |Total                            |                      |        3|      0|  3327|  17886|    0|
    +---------------------------------+----------------------+---------+-------+------+-------+-----+

    * DSP48E: 
    N/A

    * Memory: 
    +-----------------+----------------------+---------+---+----+-----+------+-----+------+-------------+
    |      Memory     |        Module        | BRAM_18K| FF| LUT| URAM| Words| Bits| Banks| W*Bits*Banks|
    +-----------------+----------------------+---------+---+----+-----+------+-----+------+-------------+
    |shakestate_U     |gf31_nrand_schar_g8j  |        4|  0|   0|    0|    25|   64|     1|         1600|
    |output_assign_U  |gf31_nrand_schar_hbi  |        1|  0|   0|    0|   136|    8|     1|         1088|
    +-----------------+----------------------+---------+---+----+-----+------+-----+------+-------------+
    |Total            |                      |        5|  0|   0|    0|   161|   72|     2|         2688|
    +-----------------+----------------------+---------+---+----+-----+------+-----+------+-------------+

    * FIFO: 
    N/A

    * Expression: 
    +-------------------------+----------+-------+---+----+------------+------------+
    |      Variable Name      | Operation| DSP48E| FF| LUT| Bitwidth P0| Bitwidth P1|
    +-------------------------+----------+-------+---+----+------------+------------+
    |add_ln76_fu_150_p2       |     +    |      0|  0|  15|           5|           1|
    |i_fu_216_p2              |     +    |      0|  0|  39|          32|           1|
    |j_fu_184_p2              |     +    |      0|  0|  39|          32|           1|
    |out_r_d0                 |     +    |      0|  0|  15|           5|           5|
    |and_ln83_fu_178_p2       |    and   |      0|  0|   2|           1|           1|
    |grp_fu_144_p2            |   icmp   |      0|  0|  18|          32|          16|
    |icmp_ln76_fu_161_p2      |   icmp   |      0|  0|  11|           5|           5|
    |icmp_ln83_1_fu_172_p2    |   icmp   |      0|  0|  18|          32|           8|
    |icmp_ln84_fu_199_p2      |   icmp   |      0|  0|  11|           5|           2|
    |ap_enable_pp0            |    xor   |      0|  0|   2|           1|           2|
    |ap_enable_reg_pp0_iter1  |    xor   |      0|  0|   2|           2|           1|
    +-------------------------+----------+-------+---+----+------------+------------+
    |Total                    |          |      0|  0| 172|         152|          43|
    +-------------------------+----------+-------+---+----+------------+------------+

    * Multiplexer: 
    +------------------------------+----+-----------+-----+-----------+
    |             Name             | LUT| Input Size| Bits| Total Bits|
    +------------------------------+----+-----------+-----+-----------+
    |ap_NS_fsm                     |  44|          9|    1|          9|
    |ap_enable_reg_pp0_iter1       |  15|          3|    1|          3|
    |ap_sig_allocacmp_i_10_load_1  |   9|          2|   32|         64|
    |grp_load_fu_141_p1            |  15|          3|   32|         96|
    |i_10_fu_62                    |   9|          2|   32|         64|
    |j_0_reg_115                   |   9|          2|   32|         64|
    |output_assign_address0        |  15|          3|    8|         24|
    |output_assign_ce0             |  15|          3|    1|          3|
    |output_assign_ce1             |   9|          2|    1|          2|
    |output_assign_we0             |   9|          2|    1|          2|
    |output_assign_we1             |   9|          2|    1|          2|
    |phi_ln76_reg_104              |   9|          2|    5|         10|
    |shakestate_address0           |  21|          4|    5|         20|
    |shakestate_ce0                |  21|          4|    1|          4|
    |shakestate_ce1                |   9|          2|    1|          2|
    |shakestate_d0                 |  21|          4|   64|        256|
    |shakestate_we0                |  21|          4|    1|          4|
    |shakestate_we1                |   9|          2|    1|          2|
    +------------------------------+----+-----------+-----+-----------+
    |Total                         | 269|         55|  220|        631|
    +------------------------------+----+-----------+-----+-----------+

    * Register: 
    +----------------------------------------------+----+----+-----+-----------+
    |                     Name                     | FF | LUT| Bits| Const Bits|
    +----------------------------------------------+----+----+-----+-----------+
    |ap_CS_fsm                                     |   8|   0|    8|          0|
    |ap_enable_reg_pp0_iter0                       |   1|   0|    1|          0|
    |ap_enable_reg_pp0_iter1                       |   1|   0|    1|          0|
    |grp_keccak_absorb_2_fu_134_ap_start_reg       |   1|   0|    1|          0|
    |grp_keccak_squeezeblocks_fu_126_ap_start_reg  |   1|   0|    1|          0|
    |i_10_fu_62                                    |  32|   0|   32|          0|
    |i_10_load_1_reg_244                           |  32|   0|   32|          0|
    |j_0_reg_115                                   |  32|   0|   32|          0|
    |phi_ln76_reg_104                              |   5|   0|    5|          0|
    +----------------------------------------------+----+----+-----+-----------+
    |Total                                         | 113|   0|  113|          0|
    +----------------------------------------------+----+----+-----+-----------+



================================================================
== Interface
================================================================
* Summary: 
+----------------+-----+-----+------------+------------------+--------------+
|    RTL Ports   | Dir | Bits|  Protocol  |   Source Object  |    C Type    |
+----------------+-----+-----+------------+------------------+--------------+
|ap_clk          |  in |    1| ap_ctrl_hs | gf31_nrand_schar | return value |
|ap_rst          |  in |    1| ap_ctrl_hs | gf31_nrand_schar | return value |
|ap_start        |  in |    1| ap_ctrl_hs | gf31_nrand_schar | return value |
|ap_done         | out |    1| ap_ctrl_hs | gf31_nrand_schar | return value |
|ap_idle         | out |    1| ap_ctrl_hs | gf31_nrand_schar | return value |
|ap_ready        | out |    1| ap_ctrl_hs | gf31_nrand_schar | return value |
|out_r_address0  | out |   16|  ap_memory |       out_r      |     array    |
|out_r_ce0       | out |    1|  ap_memory |       out_r      |     array    |
|out_r_we0       | out |    1|  ap_memory |       out_r      |     array    |
|out_r_d0        | out |    5|  ap_memory |       out_r      |     array    |
|seed_address0   | out |    6|  ap_memory |       seed       |     array    |
|seed_ce0        | out |    1|  ap_memory |       seed       |     array    |
|seed_q0         |  in |    8|  ap_memory |       seed       |     array    |
+----------------+-----+-----+------------+------------------+--------------+

