

================================================================
== Vivado HLS Report for 'keccak_squeezeblocks'
================================================================
* Date:           Fri May 15 09:40:05 2020

* Version:        2019.2 (Build 2704478 on Wed Nov 06 22:10:23 MST 2019)
* Project:        mqdss_48.prj
* Solution:       keypair
* Product family: artix7
* Target device:  xc7a200t-fbg676-2


================================================================
== Performance Estimates
================================================================
+ Timing: 
    * Summary: 
    +--------+----------+----------+------------+
    |  Clock |  Target  | Estimated| Uncertainty|
    +--------+----------+----------+------------+
    |ap_clk  | 10.00 ns | 6.812 ns |   1.25 ns  |
    +--------+----------+----------+------------+

+ Latency: 
    * Summary: 
    +---------+---------+----------+----------+-----+-----+---------+
    |  Latency (cycles) |  Latency (absolute) |  Interval | Pipeline|
    |   min   |   max   |    min   |    max   | min | max |   Type  |
    +---------+---------+----------+----------+-----+-----+---------+
    |      112|      112| 1.120 us | 1.120 us |  112|  112|   none  |
    +---------+---------+----------+----------+-----+-----+---------+

    + Detail: 
        * Instance: 
        +---------------------------------+----------------------+---------+---------+----------+----------+-----+-----+---------+
        |                                 |                      |  Latency (cycles) |  Latency (absolute) |  Interval | Pipeline|
        |             Instance            |        Module        |   min   |   max   |    min   |    max   | min | max |   Type  |
        +---------------------------------+----------------------+---------+---------+----------+----------+-----+-----+---------+
        |grp_KeccakF1600_StatePer_fu_218  |KeccakF1600_StatePer  |       39|       39| 0.390 us | 0.390 us |   39|   39|   none  |
        +---------------------------------+----------------------+---------+---------+----------+----------+-----+-----+---------+

        * Loop: 
        +--------------------------------+---------+---------+----------+-----------+-----------+------+----------+
        |                                |  Latency (cycles) | Iteration|  Initiation Interval  | Trip |          |
        |            Loop Name           |   min   |   max   |  Latency |  achieved |   target  | Count| Pipelined|
        +--------------------------------+---------+---------+----------+-----------+-----------+------+----------+
        |- Loop 1                        |      111|      111|       111|          -|          -|     1|    no    |
        | + keccak_squeezeblocks_label0  |       68|       68|         5|          4|          1|    17|    yes   |
        +--------------------------------+---------+---------+----------+-----------+-----------+------+----------+



================================================================
== Utilization Estimates
================================================================
* Summary: 
+-----------------+---------+-------+--------+--------+-----+
|       Name      | BRAM_18K| DSP48E|   FF   |   LUT  | URAM|
+-----------------+---------+-------+--------+--------+-----+
|DSP              |        -|      -|       -|       -|    -|
|Expression       |        -|      -|       0|     114|    -|
|FIFO             |        -|      -|       -|       -|    -|
|Instance         |        2|      -|    3108|   16902|    -|
|Memory           |        -|      -|       -|       -|    -|
|Multiplexer      |        -|      -|       -|     245|    -|
|Register         |        -|      -|      92|       -|    -|
+-----------------+---------+-------+--------+--------+-----+
|Total            |        2|      0|    3200|   17261|    0|
+-----------------+---------+-------+--------+--------+-----+
|Available        |      730|    740|  269200|  134600|    0|
+-----------------+---------+-------+--------+--------+-----+
|Utilization (%)  |    ~0   |      0|       1|      12|    0|
+-----------------+---------+-------+--------+--------+-----+

+ Detail: 
    * Instance: 
    +---------------------------------+----------------------+---------+-------+------+-------+-----+
    |             Instance            |        Module        | BRAM_18K| DSP48E|  FF  |  LUT  | URAM|
    +---------------------------------+----------------------+---------+-------+------+-------+-----+
    |grp_KeccakF1600_StatePer_fu_218  |KeccakF1600_StatePer  |        2|      0|  3108|  16902|    0|
    +---------------------------------+----------------------+---------+-------+------+-------+-----+
    |Total                            |                      |        2|      0|  3108|  16902|    0|
    +---------------------------------+----------------------+---------+-------+------+-------+-----+

    * DSP48E: 
    N/A

    * Memory: 
    N/A

    * FIFO: 
    N/A

    * Expression: 
    +----------------------+----------+-------+---+----+------------+------------+
    |     Variable Name    | Operation| DSP48E| FF| LUT| Bitwidth P0| Bitwidth P1|
    +----------------------+----------+-------+---+----+------------+------------+
    |add_ln373_fu_251_p2   |     +    |      0|  0|  15|           8|           8|
    |add_ln375_fu_408_p2   |     +    |      0|  0|  15|           8|           8|
    |i_fu_232_p2           |     +    |      0|  0|  15|           5|           1|
    |icmp_ln371_fu_226_p2  |   icmp   |      0|  0|  11|           5|           5|
    |or_ln30_1_fu_348_p2   |    or    |      0|  0|   8|           2|           8|
    |or_ln30_2_fu_358_p2   |    or    |      0|  0|   8|           2|           8|
    |or_ln30_3_fu_368_p2   |    or    |      0|  0|   8|           3|           8|
    |or_ln30_4_fu_378_p2   |    or    |      0|  0|   8|           3|           8|
    |or_ln30_5_fu_388_p2   |    or    |      0|  0|   8|           3|           8|
    |or_ln30_6_fu_398_p2   |    or    |      0|  0|   8|           3|           8|
    |or_ln30_fu_277_p2     |    or    |      0|  0|   8|           1|           8|
    |ap_enable_pp0         |    xor   |      0|  0|   2|           1|           2|
    +----------------------+----------+-------+---+----+------------+------------+
    |Total                 |          |      0|  0| 114|          44|          80|
    +----------------------+----------+-------+---+----+------------+------------+

    * Multiplexer: 
    +------------------------------+----+-----------+-----+-----------+
    |             Name             | LUT| Input Size| Bits| Total Bits|
    +------------------------------+----+-----------+-----+-----------+
    |ap_NS_fsm                     |  44|          9|    1|          9|
    |ap_enable_reg_pp0_iter1       |   9|          2|    1|          2|
    |ap_phi_mux_i_0_phi_fu_211_p4  |   9|          2|    5|         10|
    |h_address0                    |  27|          5|    8|         40|
    |h_address1                    |  27|          5|    8|         40|
    |h_d0                          |  27|          5|    8|         40|
    |h_d1                          |  27|          5|    8|         40|
    |i_0_reg_207                   |   9|          2|    5|         10|
    |p_0_rec_reg_195               |   9|          2|    8|         16|
    |s_address0                    |  15|          3|    5|         15|
    |s_ce0                         |  15|          3|    1|          3|
    |s_ce1                         |   9|          2|    1|          2|
    |s_we0                         |   9|          2|    1|          2|
    |s_we1                         |   9|          2|    1|          2|
    +------------------------------+----+-----------+-----+-----------+
    |Total                         | 245|         49|   61|        231|
    +------------------------------+----+-----------+-----+-----------+

    * Register: 
    +----------------------------------------------+---+----+-----+-----------+
    |                     Name                     | FF| LUT| Bits| Const Bits|
    +----------------------------------------------+---+----+-----+-----------+
    |add_ln373_reg_433                             |  8|   0|    8|          0|
    |ap_CS_fsm                                     |  8|   0|    8|          0|
    |ap_enable_reg_pp0_iter0                       |  1|   0|    1|          0|
    |ap_enable_reg_pp0_iter1                       |  1|   0|    1|          0|
    |grp_KeccakF1600_StatePer_fu_218_ap_start_reg  |  1|   0|    1|          0|
    |i_0_reg_207                                   |  5|   0|    5|          0|
    |i_reg_418                                     |  5|   0|    5|          0|
    |icmp_ln371_reg_414                            |  1|   0|    1|          0|
    |p_01_reg_182                                  |  1|   0|    1|          0|
    |p_0_rec_reg_195                               |  8|   0|    8|          0|
    |shl_ln_reg_423                                |  5|   0|    8|          3|
    |trunc_ln30_2_reg_443                          |  8|   0|    8|          0|
    |trunc_ln30_3_reg_448                          |  8|   0|    8|          0|
    |trunc_ln30_4_reg_453                          |  8|   0|    8|          0|
    |trunc_ln30_5_reg_458                          |  8|   0|    8|          0|
    |trunc_ln30_6_reg_463                          |  8|   0|    8|          0|
    |trunc_ln30_7_reg_468                          |  8|   0|    8|          0|
    +----------------------------------------------+---+----+-----+-----------+
    |Total                                         | 92|   0|   95|          3|
    +----------------------------------------------+---+----+-----+-----------+



================================================================
== Interface
================================================================
* Summary: 
+------------+-----+-----+------------+----------------------+--------------+
|  RTL Ports | Dir | Bits|  Protocol  |     Source Object    |    C Type    |
+------------+-----+-----+------------+----------------------+--------------+
|ap_clk      |  in |    1| ap_ctrl_hs | keccak_squeezeblocks | return value |
|ap_rst      |  in |    1| ap_ctrl_hs | keccak_squeezeblocks | return value |
|ap_start    |  in |    1| ap_ctrl_hs | keccak_squeezeblocks | return value |
|ap_done     | out |    1| ap_ctrl_hs | keccak_squeezeblocks | return value |
|ap_idle     | out |    1| ap_ctrl_hs | keccak_squeezeblocks | return value |
|ap_ready    | out |    1| ap_ctrl_hs | keccak_squeezeblocks | return value |
|h_address0  | out |    8|  ap_memory |           h          |     array    |
|h_ce0       | out |    1|  ap_memory |           h          |     array    |
|h_we0       | out |    1|  ap_memory |           h          |     array    |
|h_d0        | out |    8|  ap_memory |           h          |     array    |
|h_address1  | out |    8|  ap_memory |           h          |     array    |
|h_ce1       | out |    1|  ap_memory |           h          |     array    |
|h_we1       | out |    1|  ap_memory |           h          |     array    |
|h_d1        | out |    8|  ap_memory |           h          |     array    |
|s_address0  | out |    5|  ap_memory |           s          |     array    |
|s_ce0       | out |    1|  ap_memory |           s          |     array    |
|s_we0       | out |    1|  ap_memory |           s          |     array    |
|s_d0        | out |   64|  ap_memory |           s          |     array    |
|s_q0        |  in |   64|  ap_memory |           s          |     array    |
|s_address1  | out |    5|  ap_memory |           s          |     array    |
|s_ce1       | out |    1|  ap_memory |           s          |     array    |
|s_we1       | out |    1|  ap_memory |           s          |     array    |
|s_d1        | out |   64|  ap_memory |           s          |     array    |
|s_q1        |  in |   64|  ap_memory |           s          |     array    |
+------------+-----+-----+------------+----------------------+--------------+

