

================================================================
== Vivado HLS Report for 'keccak_absorb_1'
================================================================
* Date:           Fri May 15 09:40:07 2020

* Version:        2019.2 (Build 2704478 on Wed Nov 06 22:10:23 MST 2019)
* Project:        mqdss_48.prj
* Solution:       keypair
* Product family: artix7
* Target device:  xc7a200t-fbg676-2


================================================================
== Performance Estimates
================================================================
+ Timing: 
    * Summary: 
    +--------+----------+----------+------------+
    |  Clock |  Target  | Estimated| Uncertainty|
    +--------+----------+----------+------------+
    |ap_clk  | 10.00 ns | 6.352 ns |   1.25 ns  |
    +--------+----------+----------+------------+

+ Latency: 
    * Summary: 
    +---------+---------+----------+----------+-----+-----+---------+
    |  Latency (cycles) |  Latency (absolute) |  Interval | Pipeline|
    |   min   |   max   |    min   |    max   | min | max |   Type  |
    +---------+---------+----------+----------+-----+-----+---------+
    |      464|      464| 4.640 us | 4.640 us |  464|  464|   none  |
    +---------+---------+----------+----------+-----+-----+---------+

    + Detail: 
        * Instance: 
        N/A

        * Loop: 
        +------------------------+---------+---------+----------+-----------+-----------+------+----------+
        |                        |  Latency (cycles) | Iteration|  Initiation Interval  | Trip |          |
        |        Loop Name       |   min   |   max   |  Latency |  achieved |   target  | Count| Pipelined|
        +------------------------+---------+---------+----------+-----------+-----------+------+----------+
        |- Loop 1                |      120|      120|         1|          -|          -|   120|    no    |
        |- keccak_absorb_label2  |       16|       16|         2|          1|          1|    16|    yes   |
        |- Loop 3                |      323|      323|        19|          -|          -|    17|    no    |
        | + Loop 3.1             |       16|       16|         2|          -|          -|     8|    no    |
        +------------------------+---------+---------+----------+-----------+-----------+------+----------+



================================================================
== Utilization Estimates
================================================================
* Summary: 
+-----------------+---------+-------+--------+--------+-----+
|       Name      | BRAM_18K| DSP48E|   FF   |   LUT  | URAM|
+-----------------+---------+-------+--------+--------+-----+
|DSP              |        -|      -|       -|       -|    -|
|Expression       |        -|      -|       0|     446|    -|
|FIFO             |        -|      -|       -|       -|    -|
|Instance         |        -|      -|       -|       -|    -|
|Memory           |        1|      -|       0|       0|    0|
|Multiplexer      |        -|      -|       -|     194|    -|
|Register         |        -|      -|     127|       -|    -|
+-----------------+---------+-------+--------+--------+-----+
|Total            |        1|      0|     127|     640|    0|
+-----------------+---------+-------+--------+--------+-----+
|Available        |      730|    740|  269200|  134600|    0|
+-----------------+---------+-------+--------+--------+-----+
|Utilization (%)  |    ~0   |      0|   ~0   |   ~0   |    0|
+-----------------+---------+-------+--------+--------+-----+

+ Detail: 
    * Instance: 
    N/A

    * DSP48E: 
    N/A

    * Memory: 
    +-------+-----------------+---------+---+----+-----+------+-----+------+-------------+
    | Memory|      Module     | BRAM_18K| FF| LUT| URAM| Words| Bits| Banks| W*Bits*Banks|
    +-------+-----------------+---------+---+----+-----+------+-----+------+-------------+
    |t_U    |keccak_absorb_t  |        1|  0|   0|    0|   200|    8|     1|         1600|
    +-------+-----------------+---------+---+----+-----+------+-----+------+-------------+
    |Total  |                 |        1|  0|   0|    0|   200|    8|     1|         1600|
    +-------+-----------------+---------+---+----+-----+------+-----+------+-------------+

    * FIFO: 
    N/A

    * Expression: 
    +-------------------------+----------+-------+---+-----+------------+------------+
    |      Variable Name      | Operation| DSP48E| FF| LUT | Bitwidth P0| Bitwidth P1|
    +-------------------------+----------+-------+---+-----+------------+------------+
    |add_ln20_fu_299_p2       |     +    |      0|  0|   15|           8|           8|
    |add_ln354_fu_230_p2      |     +    |      0|  0|   15|           5|           1|
    |i_6_fu_269_p2            |     +    |      0|  0|   15|           5|           1|
    |i_7_fu_293_p2            |     +    |      0|  0|   13|           4|           1|
    |i_fu_218_p2              |     +    |      0|  0|   15|           8|           1|
    |icmp_ln19_fu_287_p2      |   icmp   |      0|  0|   11|           4|           5|
    |icmp_ln352_fu_212_p2     |   icmp   |      0|  0|   11|           8|           8|
    |icmp_ln354_fu_224_p2     |   icmp   |      0|  0|   11|           5|           6|
    |icmp_ln358_fu_263_p2     |   icmp   |      0|  0|   11|           5|           5|
    |r_fu_335_p2              |    or    |      0|  0|   64|          64|          64|
    |t_d1                     |    or    |      0|  0|    9|           8|           9|
    |shl_ln20_fu_329_p2       |    shl   |      0|  0|  182|          64|          64|
    |ap_enable_pp0            |    xor   |      0|  0|    2|           1|           2|
    |ap_enable_reg_pp0_iter1  |    xor   |      0|  0|    2|           2|           1|
    |s_d0                     |    xor   |      0|  0|   64|          64|          64|
    |xor_ln355_fu_236_p2      |    xor   |      0|  0|    6|           5|           6|
    +-------------------------+----------+-------+---+-----+------------+------------+
    |Total                    |          |      0|  0|  446|         260|         246|
    +-------------------------+----------+-------+---+-----+------------+------------+

    * Multiplexer: 
    +------------------------------+----+-----------+-----+-----------+
    |             Name             | LUT| Input Size| Bits| Total Bits|
    +------------------------------+----+-----------+-----+-----------+
    |ap_NS_fsm                     |  47|         10|    1|         10|
    |ap_enable_reg_pp0_iter1       |  15|          3|    1|          3|
    |ap_phi_mux_i_2_phi_fu_164_p4  |   9|          2|    5|         10|
    |i_0_i_reg_195                 |   9|          2|    4|          8|
    |i_1_reg_149                   |   9|          2|    8|         16|
    |i_2_reg_160                   |   9|          2|    5|         10|
    |i_3_reg_172                   |   9|          2|    5|         10|
    |r_0_i_reg_183                 |   9|          2|   64|        128|
    |s_address0                    |  15|          3|    5|         15|
    |t_address0                    |  27|          5|    8|         40|
    |t_address1                    |  15|          3|    8|         24|
    |t_d0                          |  21|          4|    8|         32|
    +------------------------------+----+-----------+-----+-----------+
    |Total                         | 194|         40|  122|        306|
    +------------------------------+----+-----------+-----+-----------+

    * Register: 
    +-------------------------+----+----+-----+-----------+
    |           Name          | FF | LUT| Bits| Const Bits|
    +-------------------------+----+----+-----+-----------+
    |add_ln354_reg_361        |   5|   0|    5|          0|
    |ap_CS_fsm                |   9|   0|    9|          0|
    |ap_enable_reg_pp0_iter0  |   1|   0|    1|          0|
    |ap_enable_reg_pp0_iter1  |   1|   0|    1|          0|
    |i_0_i_reg_195            |   4|   0|    4|          0|
    |i_1_reg_149              |   8|   0|    8|          0|
    |i_2_reg_160              |   5|   0|    5|          0|
    |i_3_reg_172              |   5|   0|    5|          0|
    |i_6_reg_385              |   5|   0|    5|          0|
    |i_7_reg_398              |   4|   0|    4|          0|
    |icmp_ln354_reg_357       |   1|   0|    1|          0|
    |r_0_i_reg_183            |  64|   0|   64|          0|
    |s_addr_reg_408           |   5|   0|    5|          0|
    |shl_ln_reg_390           |   5|   0|    8|          3|
    |zext_ln358_reg_377       |   5|   0|   64|         59|
    +-------------------------+----+----+-----+-----------+
    |Total                    | 127|   0|  189|         62|
    +-------------------------+----+----+-----+-----------+



================================================================
== Interface
================================================================
* Summary: 
+------------+-----+-----+------------+-----------------+--------------+
|  RTL Ports | Dir | Bits|  Protocol  |  Source Object  |    C Type    |
+------------+-----+-----+------------+-----------------+--------------+
|ap_clk      |  in |    1| ap_ctrl_hs | keccak_absorb.1 | return value |
|ap_rst      |  in |    1| ap_ctrl_hs | keccak_absorb.1 | return value |
|ap_start    |  in |    1| ap_ctrl_hs | keccak_absorb.1 | return value |
|ap_done     | out |    1| ap_ctrl_hs | keccak_absorb.1 | return value |
|ap_idle     | out |    1| ap_ctrl_hs | keccak_absorb.1 | return value |
|ap_ready    | out |    1| ap_ctrl_hs | keccak_absorb.1 | return value |
|s_address0  | out |    5|  ap_memory |        s        |     array    |
|s_ce0       | out |    1|  ap_memory |        s        |     array    |
|s_we0       | out |    1|  ap_memory |        s        |     array    |
|s_d0        | out |   64|  ap_memory |        s        |     array    |
|s_q0        |  in |   64|  ap_memory |        s        |     array    |
|m_address0  | out |    5|  ap_memory |        m        |     array    |
|m_ce0       | out |    1|  ap_memory |        m        |     array    |
|m_q0        |  in |    8|  ap_memory |        m        |     array    |
+------------+-----+-----+------------+-----------------+--------------+

