

================================================================
== Vivado HLS Report for 'KeccakF1600_StatePer'
================================================================
* Date:           Fri May 15 09:40:02 2020

* Version:        2019.2 (Build 2704478 on Wed Nov 06 22:10:23 MST 2019)
* Project:        mqdss_48.prj
* Solution:       keypair
* Product family: artix7
* Target device:  xc7a200t-fbg676-2


================================================================
== Performance Estimates
================================================================
+ Timing: 
    * Summary: 
    +--------+----------+----------+------------+
    |  Clock |  Target  | Estimated| Uncertainty|
    +--------+----------+----------+------------+
    |ap_clk  | 10.00 ns | 6.812 ns |   1.25 ns  |
    +--------+----------+----------+------------+

+ Latency: 
    * Summary: 
    +---------+---------+----------+----------+-----+-----+---------+
    |  Latency (cycles) |  Latency (absolute) |  Interval | Pipeline|
    |   min   |   max   |    min   |    max   | min | max |   Type  |
    +---------+---------+----------+----------+-----+-----+---------+
    |       39|       39| 0.390 us | 0.390 us |   39|   39|   none  |
    +---------+---------+----------+----------+-----+-----+---------+

    + Detail: 
        * Instance: 
        N/A

        * Loop: 
        +-----------------------------------+---------+---------+----------+-----------+-----------+------+----------+
        |                                   |  Latency (cycles) | Iteration|  Initiation Interval  | Trip |          |
        |             Loop Name             |   min   |   max   |  Latency |  achieved |   target  | Count| Pipelined|
        +-----------------------------------+---------+---------+----------+-----------+-----------+------+----------+
        |- KeccakF1600_StatePermute_label0  |       12|       12|         2|          1|          1|    12|    yes   |
        +-----------------------------------+---------+---------+----------+-----------+-----------+------+----------+



================================================================
== Utilization Estimates
================================================================
* Summary: 
+-----------------+---------+-------+--------+--------+-----+
|       Name      | BRAM_18K| DSP48E|   FF   |   LUT  | URAM|
+-----------------+---------+-------+--------+--------+-----+
|DSP              |        -|      -|       -|       -|    -|
|Expression       |        -|      -|       0|   16163|    -|
|FIFO             |        -|      -|       -|       -|    -|
|Instance         |        -|      -|       -|       -|    -|
|Memory           |        2|      -|       0|       0|    -|
|Multiplexer      |        -|      -|       -|     739|    -|
|Register         |        -|      -|    3108|       -|    -|
+-----------------+---------+-------+--------+--------+-----+
|Total            |        2|      0|    3108|   16902|    0|
+-----------------+---------+-------+--------+--------+-----+
|Available        |      730|    740|  269200|  134600|    0|
+-----------------+---------+-------+--------+--------+-----+
|Utilization (%)  |    ~0   |      0|       1|      12|    0|
+-----------------+---------+-------+--------+--------+-----+

+ Detail: 
    * Instance: 
    N/A

    * DSP48E: 
    N/A

    * Memory: 
    +------------------------+----------------------+---------+---+----+-----+------+-----+------+-------------+
    |         Memory         |        Module        | BRAM_18K| FF| LUT| URAM| Words| Bits| Banks| W*Bits*Banks|
    +------------------------+----------------------+---------+---+----+-----+------+-----+------+-------------+
    |KeccakF_RoundConstan_U  |KeccakF1600_StatefYi  |        2|  0|   0|    0|    24|   64|     1|         1536|
    +------------------------+----------------------+---------+---+----+-----+------+-----+------+-------------+
    |Total                   |                      |        2|  0|   0|    0|    24|   64|     1|         1536|
    +------------------------+----------------------+---------+---+----+-----+------+-----+------+-------------+

    * FIFO: 
    N/A

    * Expression: 
    +-------------------------+----------+-------+---+-----+------------+------------+
    |      Variable Name      | Operation| DSP48E| FF| LUT | Bitwidth P0| Bitwidth P1|
    +-------------------------+----------+-------+---+-----+------------+------------+
    |round_fu_795_p2          |     +    |      0|  0|   15|           2|           5|
    |and_ln133_fu_1175_p2     |    and   |      0|  0|   64|          64|          64|
    |and_ln135_fu_1199_p2     |    and   |      0|  0|   64|          64|          64|
    |and_ln136_fu_1217_p2     |    and   |      0|  0|   64|          64|          64|
    |and_ln137_fu_1235_p2     |    and   |      0|  0|   64|          64|          64|
    |and_ln138_fu_1253_p2     |    and   |      0|  0|   64|          64|          64|
    |and_ln150_fu_1411_p2     |    and   |      0|  0|   64|          64|          64|
    |and_ln151_fu_1429_p2     |    and   |      0|  0|   64|          64|          64|
    |and_ln152_fu_1447_p2     |    and   |      0|  0|   64|          64|          64|
    |and_ln153_fu_1465_p2     |    and   |      0|  0|   64|          64|          64|
    |and_ln154_fu_1483_p2     |    and   |      0|  0|   64|          64|          64|
    |and_ln166_fu_1639_p2     |    and   |      0|  0|   64|          64|          64|
    |and_ln167_fu_1657_p2     |    and   |      0|  0|   64|          64|          64|
    |and_ln168_fu_1675_p2     |    and   |      0|  0|   64|          64|          64|
    |and_ln169_fu_1693_p2     |    and   |      0|  0|   64|          64|          64|
    |and_ln170_fu_1711_p2     |    and   |      0|  0|   64|          64|          64|
    |and_ln182_fu_1869_p2     |    and   |      0|  0|   64|          64|          64|
    |and_ln183_fu_1887_p2     |    and   |      0|  0|   64|          64|          64|
    |and_ln184_fu_1905_p2     |    and   |      0|  0|   64|          64|          64|
    |and_ln185_fu_1923_p2     |    and   |      0|  0|   64|          64|          64|
    |and_ln186_fu_1941_p2     |    and   |      0|  0|   64|          64|          64|
    |and_ln198_fu_2099_p2     |    and   |      0|  0|   64|          64|          64|
    |and_ln199_fu_2117_p2     |    and   |      0|  0|   64|          64|          64|
    |and_ln200_fu_2135_p2     |    and   |      0|  0|   64|          64|          64|
    |and_ln201_fu_2153_p2     |    and   |      0|  0|   64|          64|          64|
    |and_ln202_fu_2171_p2     |    and   |      0|  0|   64|          64|          64|
    |and_ln228_fu_2557_p2     |    and   |      0|  0|   64|          64|          64|
    |and_ln230_fu_2581_p2     |    and   |      0|  0|   64|          64|          64|
    |and_ln231_fu_2599_p2     |    and   |      0|  0|   64|          64|          64|
    |and_ln232_fu_2617_p2     |    and   |      0|  0|   64|          64|          64|
    |and_ln233_fu_2635_p2     |    and   |      0|  0|   64|          64|          64|
    |and_ln245_fu_2793_p2     |    and   |      0|  0|   64|          64|          64|
    |and_ln246_fu_2811_p2     |    and   |      0|  0|   64|          64|          64|
    |and_ln247_fu_2829_p2     |    and   |      0|  0|   64|          64|          64|
    |and_ln248_fu_2847_p2     |    and   |      0|  0|   64|          64|          64|
    |and_ln249_fu_2865_p2     |    and   |      0|  0|   64|          64|          64|
    |and_ln261_fu_3021_p2     |    and   |      0|  0|   64|          64|          64|
    |and_ln262_fu_3039_p2     |    and   |      0|  0|   64|          64|          64|
    |and_ln263_fu_3057_p2     |    and   |      0|  0|   64|          64|          64|
    |and_ln264_fu_3075_p2     |    and   |      0|  0|   64|          64|          64|
    |and_ln265_fu_3093_p2     |    and   |      0|  0|   64|          64|          64|
    |and_ln277_fu_3251_p2     |    and   |      0|  0|   64|          64|          64|
    |and_ln278_fu_3269_p2     |    and   |      0|  0|   64|          64|          64|
    |and_ln279_fu_3287_p2     |    and   |      0|  0|   64|          64|          64|
    |and_ln280_fu_3305_p2     |    and   |      0|  0|   64|          64|          64|
    |and_ln281_fu_3323_p2     |    and   |      0|  0|   64|          64|          64|
    |and_ln293_fu_3481_p2     |    and   |      0|  0|   64|          64|          64|
    |and_ln294_fu_3499_p2     |    and   |      0|  0|   64|          64|          64|
    |and_ln295_fu_3517_p2     |    and   |      0|  0|   64|          64|          64|
    |and_ln296_fu_3535_p2     |    and   |      0|  0|   64|          64|          64|
    |and_ln297_fu_3553_p2     |    and   |      0|  0|   64|          64|          64|
    |icmp_ln107_fu_773_p2     |   icmp   |      0|  0|   11|           5|           5|
    |or_ln229_fu_784_p2       |    or    |      0|  0|    5|           5|           1|
    |Aba_2_fu_2569_p2         |    xor   |      0|  0|   64|          64|          64|
    |Aba_3_fu_1051_p2         |    xor   |      0|  0|   64|          64|          64|
    |Abe_1_fu_1495_p2         |    xor   |      0|  0|   64|          64|          64|
    |Abe_2_fu_2587_p2         |    xor   |      0|  0|   64|          64|          64|
    |Abi_1_fu_1953_p2         |    xor   |      0|  0|   64|          64|          64|
    |Abi_2_fu_2605_p2         |    xor   |      0|  0|   64|          64|          64|
    |Abo_1_fu_1265_p2         |    xor   |      0|  0|   64|          64|          64|
    |Abo_2_fu_2623_p2         |    xor   |      0|  0|   64|          64|          64|
    |Abu_1_fu_1723_p2         |    xor   |      0|  0|   64|          64|          64|
    |Abu_2_fu_2641_p2         |    xor   |      0|  0|   64|          64|          64|
    |Aga_1_fu_1751_p2         |    xor   |      0|  0|   64|          64|          64|
    |Aga_2_fu_2799_p2         |    xor   |      0|  0|   64|          64|          64|
    |Age_1_fu_1057_p2         |    xor   |      0|  0|   64|          64|          64|
    |Age_2_fu_2817_p2         |    xor   |      0|  0|   64|          64|          64|
    |Agi_1_fu_1521_p2         |    xor   |      0|  0|   64|          64|          64|
    |Agi_2_fu_2835_p2         |    xor   |      0|  0|   64|          64|          64|
    |Ago_1_fu_1981_p2         |    xor   |      0|  0|   64|          64|          64|
    |Ago_2_fu_2853_p2         |    xor   |      0|  0|   64|          64|          64|
    |Agu_1_fu_1293_p2         |    xor   |      0|  0|   64|          64|          64|
    |Agu_2_fu_2871_p2         |    xor   |      0|  0|   64|          64|          64|
    |Aka_1_fu_1321_p2         |    xor   |      0|  0|   64|          64|          64|
    |Aka_2_fu_3027_p2         |    xor   |      0|  0|   64|          64|          64|
    |Ake_1_fu_1779_p2         |    xor   |      0|  0|   64|          64|          64|
    |Ake_2_fu_3045_p2         |    xor   |      0|  0|   64|          64|          64|
    |Aki_1_fu_1085_p2         |    xor   |      0|  0|   64|          64|          64|
    |Aki_2_fu_3063_p2         |    xor   |      0|  0|   64|          64|          64|
    |Ako_1_fu_1549_p2         |    xor   |      0|  0|   64|          64|          64|
    |Ako_2_fu_3081_p2         |    xor   |      0|  0|   64|          64|          64|
    |Aku_1_fu_2009_p2         |    xor   |      0|  0|   64|          64|          64|
    |Aku_2_fu_3099_p2         |    xor   |      0|  0|   64|          64|          64|
    |Ama_1_fu_2037_p2         |    xor   |      0|  0|   64|          64|          64|
    |Ama_2_fu_3257_p2         |    xor   |      0|  0|   64|          64|          64|
    |Ame_1_fu_1349_p2         |    xor   |      0|  0|   64|          64|          64|
    |Ame_2_fu_3275_p2         |    xor   |      0|  0|   64|          64|          64|
    |Ami_1_fu_1807_p2         |    xor   |      0|  0|   64|          64|          64|
    |Ami_2_fu_3293_p2         |    xor   |      0|  0|   64|          64|          64|
    |Amo_1_fu_1113_p2         |    xor   |      0|  0|   64|          64|          64|
    |Amo_2_fu_3311_p2         |    xor   |      0|  0|   64|          64|          64|
    |Amu_1_fu_1577_p2         |    xor   |      0|  0|   64|          64|          64|
    |Amu_2_fu_3329_p2         |    xor   |      0|  0|   64|          64|          64|
    |Asa_1_fu_1605_p2         |    xor   |      0|  0|   64|          64|          64|
    |Asa_2_fu_3487_p2         |    xor   |      0|  0|   64|          64|          64|
    |Ase_1_fu_2065_p2         |    xor   |      0|  0|   64|          64|          64|
    |Ase_2_fu_3505_p2         |    xor   |      0|  0|   64|          64|          64|
    |Asi_1_fu_1377_p2         |    xor   |      0|  0|   64|          64|          64|
    |Asi_2_fu_3523_p2         |    xor   |      0|  0|   64|          64|          64|
    |Aso_1_fu_1835_p2         |    xor   |      0|  0|   64|          64|          64|
    |Aso_2_fu_3541_p2         |    xor   |      0|  0|   64|          64|          64|
    |Asu_1_fu_1141_p2         |    xor   |      0|  0|   64|          64|          64|
    |Asu_2_fu_3559_p2         |    xor   |      0|  0|   64|          64|          64|
    |BCa_6_fu_2201_p2         |    xor   |      0|  0|   64|          64|          64|
    |BCa_fu_819_p2            |    xor   |      0|  0|   64|          64|          64|
    |BCe_6_fu_2225_p2         |    xor   |      0|  0|   64|          64|          64|
    |BCe_fu_843_p2            |    xor   |      0|  0|   64|          64|          64|
    |BCi_6_fu_2249_p2         |    xor   |      0|  0|   64|          64|          64|
    |BCi_fu_867_p2            |    xor   |      0|  0|   64|          64|          64|
    |BCo_6_fu_2273_p2         |    xor   |      0|  0|   64|          64|          64|
    |BCo_fu_891_p2            |    xor   |      0|  0|   64|          64|          64|
    |BCu_6_fu_2297_p2         |    xor   |      0|  0|   64|          64|          64|
    |BCu_fu_915_p2            |    xor   |      0|  0|   64|          64|          64|
    |Da_1_fu_2323_p2          |    xor   |      0|  0|   64|          64|          64|
    |Da_fu_941_p2             |    xor   |      0|  0|   64|          64|          64|
    |De_1_fu_2349_p2          |    xor   |      0|  0|   64|          64|          64|
    |De_fu_967_p2             |    xor   |      0|  0|   64|          64|          64|
    |Di_1_fu_2375_p2          |    xor   |      0|  0|   64|          64|          64|
    |Di_fu_993_p2             |    xor   |      0|  0|   64|          64|          64|
    |Do_1_fu_2401_p2          |    xor   |      0|  0|   64|          64|          64|
    |Do_fu_1019_p2            |    xor   |      0|  0|   64|          64|          64|
    |Du_1_fu_2427_p2          |    xor   |      0|  0|   64|          64|          64|
    |Du_fu_1045_p2            |    xor   |      0|  0|   64|          64|          64|
    |Eba_2_fu_2433_p2         |    xor   |      0|  0|   64|          64|          64|
    |Eba_fu_1187_p2           |    xor   |      0|  0|   64|          64|          64|
    |Ebe_1_fu_2877_p2         |    xor   |      0|  0|   64|          64|          64|
    |Ebe_fu_1205_p2           |    xor   |      0|  0|   64|          64|          64|
    |Ebi_1_fu_3335_p2         |    xor   |      0|  0|   64|          64|          64|
    |Ebi_fu_1223_p2           |    xor   |      0|  0|   64|          64|          64|
    |Ebo_1_fu_2647_p2         |    xor   |      0|  0|   64|          64|          64|
    |Ebo_fu_1241_p2           |    xor   |      0|  0|   64|          64|          64|
    |Ebu_1_fu_3105_p2         |    xor   |      0|  0|   64|          64|          64|
    |Ebu_fu_1259_p2           |    xor   |      0|  0|   64|          64|          64|
    |Ega_1_fu_3133_p2         |    xor   |      0|  0|   64|          64|          64|
    |Ega_fu_1417_p2           |    xor   |      0|  0|   64|          64|          64|
    |Ege_1_fu_2439_p2         |    xor   |      0|  0|   64|          64|          64|
    |Ege_fu_1435_p2           |    xor   |      0|  0|   64|          64|          64|
    |Egi_1_fu_2903_p2         |    xor   |      0|  0|   64|          64|          64|
    |Egi_fu_1453_p2           |    xor   |      0|  0|   64|          64|          64|
    |Ego_1_fu_3363_p2         |    xor   |      0|  0|   64|          64|          64|
    |Ego_fu_1471_p2           |    xor   |      0|  0|   64|          64|          64|
    |Egu_1_fu_2675_p2         |    xor   |      0|  0|   64|          64|          64|
    |Egu_fu_1489_p2           |    xor   |      0|  0|   64|          64|          64|
    |Eka_1_fu_2703_p2         |    xor   |      0|  0|   64|          64|          64|
    |Eka_fu_1645_p2           |    xor   |      0|  0|   64|          64|          64|
    |Eke_1_fu_3161_p2         |    xor   |      0|  0|   64|          64|          64|
    |Eke_fu_1663_p2           |    xor   |      0|  0|   64|          64|          64|
    |Eki_1_fu_2467_p2         |    xor   |      0|  0|   64|          64|          64|
    |Eki_fu_1681_p2           |    xor   |      0|  0|   64|          64|          64|
    |Eko_1_fu_2931_p2         |    xor   |      0|  0|   64|          64|          64|
    |Eko_fu_1699_p2           |    xor   |      0|  0|   64|          64|          64|
    |Eku_1_fu_3391_p2         |    xor   |      0|  0|   64|          64|          64|
    |Eku_fu_1717_p2           |    xor   |      0|  0|   64|          64|          64|
    |Ema_1_fu_3419_p2         |    xor   |      0|  0|   64|          64|          64|
    |Ema_fu_1875_p2           |    xor   |      0|  0|   64|          64|          64|
    |Eme_1_fu_2731_p2         |    xor   |      0|  0|   64|          64|          64|
    |Eme_fu_1893_p2           |    xor   |      0|  0|   64|          64|          64|
    |Emi_1_fu_3189_p2         |    xor   |      0|  0|   64|          64|          64|
    |Emi_fu_1911_p2           |    xor   |      0|  0|   64|          64|          64|
    |Emo_1_fu_2495_p2         |    xor   |      0|  0|   64|          64|          64|
    |Emo_fu_1929_p2           |    xor   |      0|  0|   64|          64|          64|
    |Emu_1_fu_2959_p2         |    xor   |      0|  0|   64|          64|          64|
    |Emu_fu_1947_p2           |    xor   |      0|  0|   64|          64|          64|
    |Esa_1_fu_2987_p2         |    xor   |      0|  0|   64|          64|          64|
    |Esa_fu_2105_p2           |    xor   |      0|  0|   64|          64|          64|
    |Ese_1_fu_3447_p2         |    xor   |      0|  0|   64|          64|          64|
    |Ese_fu_2123_p2           |    xor   |      0|  0|   64|          64|          64|
    |Esi_1_fu_2759_p2         |    xor   |      0|  0|   64|          64|          64|
    |Esi_fu_2141_p2           |    xor   |      0|  0|   64|          64|          64|
    |Eso_1_fu_3217_p2         |    xor   |      0|  0|   64|          64|          64|
    |Eso_fu_2159_p2           |    xor   |      0|  0|   64|          64|          64|
    |Esu_1_fu_2523_p2         |    xor   |      0|  0|   64|          64|          64|
    |Esu_fu_2177_p2           |    xor   |      0|  0|   64|          64|          64|
    |ap_enable_pp0            |    xor   |      0|  0|    2|           1|           2|
    |ap_enable_reg_pp0_iter1  |    xor   |      0|  0|    2|           2|           1|
    |xor_ln110_1_fu_807_p2    |    xor   |      0|  0|   64|          64|          64|
    |xor_ln110_2_fu_813_p2    |    xor   |      0|  0|   64|          64|          64|
    |xor_ln110_fu_801_p2      |    xor   |      0|  0|   64|          64|          64|
    |xor_ln111_1_fu_831_p2    |    xor   |      0|  0|   64|          64|          64|
    |xor_ln111_2_fu_837_p2    |    xor   |      0|  0|   64|          64|          64|
    |xor_ln111_fu_825_p2      |    xor   |      0|  0|   64|          64|          64|
    |xor_ln112_1_fu_855_p2    |    xor   |      0|  0|   64|          64|          64|
    |xor_ln112_2_fu_861_p2    |    xor   |      0|  0|   64|          64|          64|
    |xor_ln112_fu_849_p2      |    xor   |      0|  0|   64|          64|          64|
    |xor_ln113_1_fu_879_p2    |    xor   |      0|  0|   64|          64|          64|
    |xor_ln113_2_fu_885_p2    |    xor   |      0|  0|   64|          64|          64|
    |xor_ln113_fu_873_p2      |    xor   |      0|  0|   64|          64|          64|
    |xor_ln114_1_fu_903_p2    |    xor   |      0|  0|   64|          64|          64|
    |xor_ln114_2_fu_909_p2    |    xor   |      0|  0|   64|          64|          64|
    |xor_ln114_fu_897_p2      |    xor   |      0|  0|   64|          64|          64|
    |xor_ln133_fu_1169_p2     |    xor   |      0|  0|   64|           2|          64|
    |xor_ln134_fu_1181_p2     |    xor   |      0|  0|   64|          64|          64|
    |xor_ln135_fu_1193_p2     |    xor   |      0|  0|   64|           2|          64|
    |xor_ln136_fu_1211_p2     |    xor   |      0|  0|   64|           2|          64|
    |xor_ln137_fu_1229_p2     |    xor   |      0|  0|   64|           2|          64|
    |xor_ln138_fu_1247_p2     |    xor   |      0|  0|   64|           2|          64|
    |xor_ln150_fu_1405_p2     |    xor   |      0|  0|   64|           2|          64|
    |xor_ln151_fu_1423_p2     |    xor   |      0|  0|   64|           2|          64|
    |xor_ln152_fu_1441_p2     |    xor   |      0|  0|   64|           2|          64|
    |xor_ln153_fu_1459_p2     |    xor   |      0|  0|   64|           2|          64|
    |xor_ln154_fu_1477_p2     |    xor   |      0|  0|   64|           2|          64|
    |xor_ln166_fu_1633_p2     |    xor   |      0|  0|   64|           2|          64|
    |xor_ln167_fu_1651_p2     |    xor   |      0|  0|   64|           2|          64|
    |xor_ln168_fu_1669_p2     |    xor   |      0|  0|   64|           2|          64|
    |xor_ln169_fu_1687_p2     |    xor   |      0|  0|   64|           2|          64|
    |xor_ln170_fu_1705_p2     |    xor   |      0|  0|   64|           2|          64|
    |xor_ln182_fu_1863_p2     |    xor   |      0|  0|   64|           2|          64|
    |xor_ln183_fu_1881_p2     |    xor   |      0|  0|   64|           2|          64|
    |xor_ln184_fu_1899_p2     |    xor   |      0|  0|   64|           2|          64|
    |xor_ln185_fu_1917_p2     |    xor   |      0|  0|   64|           2|          64|
    |xor_ln186_fu_1935_p2     |    xor   |      0|  0|   64|           2|          64|
    |xor_ln198_fu_2093_p2     |    xor   |      0|  0|   64|           2|          64|
    |xor_ln199_fu_2111_p2     |    xor   |      0|  0|   64|           2|          64|
    |xor_ln200_fu_2129_p2     |    xor   |      0|  0|   64|           2|          64|
    |xor_ln201_fu_2147_p2     |    xor   |      0|  0|   64|           2|          64|
    |xor_ln202_fu_2165_p2     |    xor   |      0|  0|   64|           2|          64|
    |xor_ln205_1_fu_2189_p2   |    xor   |      0|  0|   64|          64|          64|
    |xor_ln205_2_fu_2195_p2   |    xor   |      0|  0|   64|          64|          64|
    |xor_ln205_fu_2183_p2     |    xor   |      0|  0|   64|          64|          64|
    |xor_ln206_1_fu_2213_p2   |    xor   |      0|  0|   64|          64|          64|
    |xor_ln206_2_fu_2219_p2   |    xor   |      0|  0|   64|          64|          64|
    |xor_ln206_fu_2207_p2     |    xor   |      0|  0|   64|          64|          64|
    |xor_ln207_1_fu_2237_p2   |    xor   |      0|  0|   64|          64|          64|
    |xor_ln207_2_fu_2243_p2   |    xor   |      0|  0|   64|          64|          64|
    |xor_ln207_fu_2231_p2     |    xor   |      0|  0|   64|          64|          64|
    |xor_ln208_1_fu_2261_p2   |    xor   |      0|  0|   64|          64|          64|
    |xor_ln208_2_fu_2267_p2   |    xor   |      0|  0|   64|          64|          64|
    |xor_ln208_fu_2255_p2     |    xor   |      0|  0|   64|          64|          64|
    |xor_ln209_1_fu_2285_p2   |    xor   |      0|  0|   64|          64|          64|
    |xor_ln209_2_fu_2291_p2   |    xor   |      0|  0|   64|          64|          64|
    |xor_ln209_fu_2279_p2     |    xor   |      0|  0|   64|          64|          64|
    |xor_ln228_fu_2551_p2     |    xor   |      0|  0|   64|           2|          64|
    |xor_ln229_fu_2563_p2     |    xor   |      0|  0|   64|          64|          64|
    |xor_ln230_fu_2575_p2     |    xor   |      0|  0|   64|           2|          64|
    |xor_ln231_fu_2593_p2     |    xor   |      0|  0|   64|           2|          64|
    |xor_ln232_fu_2611_p2     |    xor   |      0|  0|   64|           2|          64|
    |xor_ln233_fu_2629_p2     |    xor   |      0|  0|   64|           2|          64|
    |xor_ln245_fu_2787_p2     |    xor   |      0|  0|   64|           2|          64|
    |xor_ln246_fu_2805_p2     |    xor   |      0|  0|   64|           2|          64|
    |xor_ln247_fu_2823_p2     |    xor   |      0|  0|   64|           2|          64|
    |xor_ln248_fu_2841_p2     |    xor   |      0|  0|   64|           2|          64|
    |xor_ln249_fu_2859_p2     |    xor   |      0|  0|   64|           2|          64|
    |xor_ln261_fu_3015_p2     |    xor   |      0|  0|   64|           2|          64|
    |xor_ln262_fu_3033_p2     |    xor   |      0|  0|   64|           2|          64|
    |xor_ln263_fu_3051_p2     |    xor   |      0|  0|   64|           2|          64|
    |xor_ln264_fu_3069_p2     |    xor   |      0|  0|   64|           2|          64|
    |xor_ln265_fu_3087_p2     |    xor   |      0|  0|   64|           2|          64|
    |xor_ln277_fu_3245_p2     |    xor   |      0|  0|   64|           2|          64|
    |xor_ln278_fu_3263_p2     |    xor   |      0|  0|   64|           2|          64|
    |xor_ln279_fu_3281_p2     |    xor   |      0|  0|   64|           2|          64|
    |xor_ln280_fu_3299_p2     |    xor   |      0|  0|   64|           2|          64|
    |xor_ln281_fu_3317_p2     |    xor   |      0|  0|   64|           2|          64|
    |xor_ln293_fu_3475_p2     |    xor   |      0|  0|   64|           2|          64|
    |xor_ln294_fu_3493_p2     |    xor   |      0|  0|   64|           2|          64|
    |xor_ln295_fu_3511_p2     |    xor   |      0|  0|   64|           2|          64|
    |xor_ln296_fu_3529_p2     |    xor   |      0|  0|   64|           2|          64|
    |xor_ln297_fu_3547_p2     |    xor   |      0|  0|   64|           2|          64|
    +-------------------------+----------+-------+---+-----+------------+------------+
    |Total                    |          |      0|  0|16163|       13043|       16142|
    +-------------------------+----------+-------+---+-----+------------+------------+

    * Multiplexer: 
    +-------------------------+-----+-----------+-----+-----------+
    |           Name          | LUT | Input Size| Bits| Total Bits|
    +-------------------------+-----+-----------+-----+-----------+
    |Aba_0_reg_740            |    9|          2|   64|        128|
    |Abe_0_reg_729            |    9|          2|   64|        128|
    |Abi_0_reg_718            |    9|          2|   64|        128|
    |Abo_0_reg_707            |    9|          2|   64|        128|
    |Abu_0_reg_696            |    9|          2|   64|        128|
    |Aga_0_reg_685            |    9|          2|   64|        128|
    |Age_0_reg_674            |    9|          2|   64|        128|
    |Agi_0_reg_663            |    9|          2|   64|        128|
    |Ago_0_reg_652            |    9|          2|   64|        128|
    |Agu_0_reg_641            |    9|          2|   64|        128|
    |Aka_0_reg_630            |    9|          2|   64|        128|
    |Ake_0_reg_619            |    9|          2|   64|        128|
    |Aki_0_reg_608            |    9|          2|   64|        128|
    |Ako_0_reg_597            |    9|          2|   64|        128|
    |Aku_0_reg_586            |    9|          2|   64|        128|
    |Ama_0_reg_575            |    9|          2|   64|        128|
    |Ame_0_reg_564            |    9|          2|   64|        128|
    |Ami_0_reg_553            |    9|          2|   64|        128|
    |Amo_0_reg_542            |    9|          2|   64|        128|
    |Amu_0_reg_531            |    9|          2|   64|        128|
    |Asa_0_reg_520            |    9|          2|   64|        128|
    |Ase_0_reg_509            |    9|          2|   64|        128|
    |Asi_0_reg_498            |    9|          2|   64|        128|
    |Aso_0_reg_487            |    9|          2|   64|        128|
    |Asu_0_reg_762            |    9|          2|   64|        128|
    |ap_NS_fsm                |  133|         29|    1|         29|
    |ap_enable_reg_pp0_iter1  |   15|          3|    1|          3|
    |round_0_reg_751          |    9|          2|    5|         10|
    |state_address0           |  121|         26|    5|        130|
    |state_address1           |  121|         26|    5|        130|
    |state_d0                 |   56|         13|   64|        832|
    |state_d1                 |   59|         14|   64|        896|
    +-------------------------+-----+-----------+-----+-----------+
    |Total                    |  739|        163| 1745|       5230|
    +-------------------------+-----+-----------+-----+-----------+

    * Register: 
    +-------------------------+----+----+-----+-----------+
    |           Name          | FF | LUT| Bits| Const Bits|
    +-------------------------+----+----+-----+-----------+
    |Aba_0_reg_740            |  64|   0|   64|          0|
    |Aba_reg_3571             |  64|   0|   64|          0|
    |Abe_0_reg_729            |  64|   0|   64|          0|
    |Abe_reg_3586             |  64|   0|   64|          0|
    |Abi_0_reg_718            |  64|   0|   64|          0|
    |Abi_reg_3591             |  64|   0|   64|          0|
    |Abo_0_reg_707            |  64|   0|   64|          0|
    |Abo_reg_3608             |  64|   0|   64|          0|
    |Abu_0_reg_696            |  64|   0|   64|          0|
    |Abu_reg_3613             |  64|   0|   64|          0|
    |Aga_0_reg_685            |  64|   0|   64|          0|
    |Aga_reg_3630             |  64|   0|   64|          0|
    |Age_0_reg_674            |  64|   0|   64|          0|
    |Age_reg_3635             |  64|   0|   64|          0|
    |Agi_0_reg_663            |  64|   0|   64|          0|
    |Agi_reg_3652             |  64|   0|   64|          0|
    |Ago_0_reg_652            |  64|   0|   64|          0|
    |Ago_reg_3657             |  64|   0|   64|          0|
    |Agu_0_reg_641            |  64|   0|   64|          0|
    |Agu_reg_3674             |  64|   0|   64|          0|
    |Aka_0_reg_630            |  64|   0|   64|          0|
    |Aka_reg_3679             |  64|   0|   64|          0|
    |Ake_0_reg_619            |  64|   0|   64|          0|
    |Ake_reg_3696             |  64|   0|   64|          0|
    |Aki_0_reg_608            |  64|   0|   64|          0|
    |Aki_reg_3701             |  64|   0|   64|          0|
    |Ako_0_reg_597            |  64|   0|   64|          0|
    |Ako_reg_3718             |  64|   0|   64|          0|
    |Aku_0_reg_586            |  64|   0|   64|          0|
    |Aku_reg_3723             |  64|   0|   64|          0|
    |Ama_0_reg_575            |  64|   0|   64|          0|
    |Ama_reg_3740             |  64|   0|   64|          0|
    |Ame_0_reg_564            |  64|   0|   64|          0|
    |Ame_reg_3745             |  64|   0|   64|          0|
    |Ami_0_reg_553            |  64|   0|   64|          0|
    |Ami_reg_3762             |  64|   0|   64|          0|
    |Amo_0_reg_542            |  64|   0|   64|          0|
    |Amo_reg_3767             |  64|   0|   64|          0|
    |Amu_0_reg_531            |  64|   0|   64|          0|
    |Amu_reg_3784             |  64|   0|   64|          0|
    |Asa_0_reg_520            |  64|   0|   64|          0|
    |Asa_reg_3789             |  64|   0|   64|          0|
    |Ase_0_reg_509            |  64|   0|   64|          0|
    |Ase_reg_3806             |  64|   0|   64|          0|
    |Asi_0_reg_498            |  64|   0|   64|          0|
    |Asi_reg_3811             |  64|   0|   64|          0|
    |Aso_0_reg_487            |  64|   0|   64|          0|
    |Asu_0_reg_762            |  64|   0|   64|          0|
    |ap_CS_fsm                |  28|   0|   28|          0|
    |ap_enable_reg_pp0_iter0  |   1|   0|    1|          0|
    |ap_enable_reg_pp0_iter1  |   1|   0|    1|          0|
    |icmp_ln107_reg_3838      |   1|   0|    1|          0|
    |round_0_reg_751          |   5|   0|    5|          0|
    +-------------------------+----+----+-----+-----------+
    |Total                    |3108|   0| 3108|          0|
    +-------------------------+----+----+-----+-----------+



================================================================
== Interface
================================================================
* Summary: 
+----------------+-----+-----+------------+----------------------+--------------+
|    RTL Ports   | Dir | Bits|  Protocol  |     Source Object    |    C Type    |
+----------------+-----+-----+------------+----------------------+--------------+
|ap_clk          |  in |    1| ap_ctrl_hs | KeccakF1600_StatePer | return value |
|ap_rst          |  in |    1| ap_ctrl_hs | KeccakF1600_StatePer | return value |
|ap_start        |  in |    1| ap_ctrl_hs | KeccakF1600_StatePer | return value |
|ap_done         | out |    1| ap_ctrl_hs | KeccakF1600_StatePer | return value |
|ap_idle         | out |    1| ap_ctrl_hs | KeccakF1600_StatePer | return value |
|ap_ready        | out |    1| ap_ctrl_hs | KeccakF1600_StatePer | return value |
|state_address0  | out |    5|  ap_memory |         state        |     array    |
|state_ce0       | out |    1|  ap_memory |         state        |     array    |
|state_we0       | out |    1|  ap_memory |         state        |     array    |
|state_d0        | out |   64|  ap_memory |         state        |     array    |
|state_q0        |  in |   64|  ap_memory |         state        |     array    |
|state_address1  | out |    5|  ap_memory |         state        |     array    |
|state_ce1       | out |    1|  ap_memory |         state        |     array    |
|state_we1       | out |    1|  ap_memory |         state        |     array    |
|state_d1        | out |   64|  ap_memory |         state        |     array    |
|state_q1        |  in |   64|  ap_memory |         state        |     array    |
+----------------+-----+-----+------------+----------------------+--------------+

