

================================================================
== Vivado HLS Report for 'vgf31_unique'
================================================================
* Date:           Fri May 15 09:40:12 2020

* Version:        2019.2 (Build 2704478 on Wed Nov 06 22:10:23 MST 2019)
* Project:        mqdss_48.prj
* Solution:       keypair
* Product family: artix7
* Target device:  xc7a200t-fbg676-2


================================================================
== Performance Estimates
================================================================
+ Timing: 
    * Summary: 
    +--------+----------+----------+------------+
    |  Clock |  Target  | Estimated| Uncertainty|
    +--------+----------+----------+------------+
    |ap_clk  | 10.00 ns | 6.300 ns |   1.25 ns  |
    +--------+----------+----------+------------+

+ Latency: 
    * Summary: 
    +---------+---------+----------+----------+-----+-----+---------+
    |  Latency (cycles) |  Latency (absolute) |  Interval | Pipeline|
    |   min   |   max   |    min   |    max   | min | max |   Type  |
    +---------+---------+----------+----------+-----+-----+---------+
    |       97|       97| 0.970 us | 0.970 us |   97|   97|   none  |
    +---------+---------+----------+----------+-----+-----+---------+

    + Detail: 
        * Instance: 
        +-------------------------+----------------------+---------+---------+-----------+-----------+-----+-----+----------+
        |                         |                      |  Latency (cycles) |   Latency (absolute)  |  Interval | Pipeline |
        |         Instance        |        Module        |   min   |   max   |    min    |    max    | min | max |   Type   |
        +-------------------------+----------------------+---------+---------+-----------+-----------+-----+-----+----------+
        |dataflow_in_loop_vgf_U0  |dataflow_in_loop_vgf  |        1|        1| 10.000 ns | 10.000 ns |    2|    2| dataflow |
        +-------------------------+----------------------+---------+---------+-----------+-----------+-----+-----+----------+

        * Loop: 
        +-----------------------+---------+---------+----------+-----------+-----------+------+----------+
        |                       |  Latency (cycles) | Iteration|  Initiation Interval  | Trip |          |
        |       Loop Name       |   min   |   max   |  Latency |  achieved |   target  | Count| Pipelined|
        +-----------------------+---------+---------+----------+-----------+-----------+------+----------+
        |- vgf31_unique_label0  |       96|       96|         3|          -|          -|    48|    no    |
        +-----------------------+---------+---------+----------+-----------+-----------+------+----------+



================================================================
== Utilization Estimates
================================================================
* Summary: 
+-----------------+---------+-------+--------+--------+-----+
|       Name      | BRAM_18K| DSP48E|   FF   |   LUT  | URAM|
+-----------------+---------+-------+--------+--------+-----+
|DSP              |        -|      -|       -|       -|    -|
|Expression       |        -|      -|       0|      45|    -|
|FIFO             |        -|      -|       -|       -|    -|
|Instance         |        -|      -|       9|      72|    -|
|Memory           |        -|      -|       -|       -|    -|
|Multiplexer      |        -|      -|       -|      18|    -|
|Register         |        -|      -|      12|       -|    -|
+-----------------+---------+-------+--------+--------+-----+
|Total            |        0|      0|      21|     135|    0|
+-----------------+---------+-------+--------+--------+-----+
|Available        |      730|    740|  269200|  134600|    0|
+-----------------+---------+-------+--------+--------+-----+
|Utilization (%)  |        0|      0|   ~0   |   ~0   |    0|
+-----------------+---------+-------+--------+--------+-----+

+ Detail: 
    * Instance: 
    +-------------------------+----------------------+---------+-------+---+----+-----+
    |         Instance        |        Module        | BRAM_18K| DSP48E| FF| LUT| URAM|
    +-------------------------+----------------------+---------+-------+---+----+-----+
    |dataflow_in_loop_vgf_U0  |dataflow_in_loop_vgf  |        0|      0|  9|  72|    0|
    +-------------------------+----------------------+---------+-------+---+----+-----+
    |Total                    |                      |        0|      0|  9|  72|    0|
    +-------------------------+----------------------+---------+-------+---+----+-----+

    * DSP48E: 
    N/A

    * Memory: 
    N/A

    * FIFO: 
    N/A

    * Expression: 
    +----------------------------+----------+-------+---+----+------------+------------+
    |        Variable Name       | Operation| DSP48E| FF| LUT| Bitwidth P0| Bitwidth P1|
    +----------------------------+----------+-------+---+----+------------+------------+
    |loop_dataflow_input_count   |     +    |      0|  0|  15|           6|           1|
    |loop_dataflow_output_count  |     +    |      0|  0|  15|           6|           1|
    |bound_minus_1               |     -    |      0|  0|  15|           6|           1|
    +----------------------------+----------+-------+---+----+------------+------------+
    |Total                       |          |      0|  0|  45|          18|           3|
    +----------------------------+----------+-------+---+----+------------+------------+

    * Multiplexer: 
    +----------------------------+----+-----------+-----+-----------+
    |            Name            | LUT| Input Size| Bits| Total Bits|
    +----------------------------+----+-----------+-----+-----------+
    |loop_dataflow_input_count   |   9|          2|    6|         12|
    |loop_dataflow_output_count  |   9|          2|    6|         12|
    +----------------------------+----+-----------+-----+-----------+
    |Total                       |  18|          4|   12|         24|
    +----------------------------+----+-----------+-----+-----------+

    * Register: 
    +----------------------------+---+----+-----+-----------+
    |            Name            | FF| LUT| Bits| Const Bits|
    +----------------------------+---+----+-----+-----------+
    |loop_dataflow_input_count   |  6|   0|    6|          0|
    |loop_dataflow_output_count  |  6|   0|    6|          0|
    +----------------------------+---+----+-----+-----------+
    |Total                       | 12|   0|   12|          0|
    +----------------------------+---+----+-----+-----------+



================================================================
== Interface
================================================================
* Summary: 
+----------------+-----+-----+------------+--------------+--------------+
|    RTL Ports   | Dir | Bits|  Protocol  | Source Object|    C Type    |
+----------------+-----+-----+------------+--------------+--------------+
|out_r_address0  | out |    6|  ap_memory |     out_r    |     array    |
|out_r_ce0       | out |    1|  ap_memory |     out_r    |     array    |
|out_r_d0        | out |   16|  ap_memory |     out_r    |     array    |
|out_r_q0        |  in |   16|  ap_memory |     out_r    |     array    |
|out_r_we0       | out |    1|  ap_memory |     out_r    |     array    |
|out_r_address1  | out |    6|  ap_memory |     out_r    |     array    |
|out_r_ce1       | out |    1|  ap_memory |     out_r    |     array    |
|out_r_d1        | out |   16|  ap_memory |     out_r    |     array    |
|out_r_q1        |  in |   16|  ap_memory |     out_r    |     array    |
|out_r_we1       | out |    1|  ap_memory |     out_r    |     array    |
|ap_clk          |  in |    1| ap_ctrl_hs | vgf31_unique | return value |
|ap_rst          |  in |    1| ap_ctrl_hs | vgf31_unique | return value |
|ap_start        |  in |    1| ap_ctrl_hs | vgf31_unique | return value |
|ap_done         | out |    1| ap_ctrl_hs | vgf31_unique | return value |
|ap_ready        | out |    1| ap_ctrl_hs | vgf31_unique | return value |
|ap_idle         | out |    1| ap_ctrl_hs | vgf31_unique | return value |
|ap_continue     |  in |    1| ap_ctrl_hs | vgf31_unique | return value |
+----------------+-----+-----+------------+--------------+--------------+

