   Build using "C:/Xilinx/Vivado/2019.2/tps/win64/msys64/mingw64/bin/g++"
   Compiling apatb_crypto_sign_keypair.cpp
   Compiling (apcc) aes.c_pre.c.tb.c
INFO: [HLS 200-10] Running 'C:/Xilinx/Vivado/2019.2/bin/unwrapped/win64.o/apcc.exe'
INFO: [HLS 200-10] For user 'ajaiswal' on host 'vlsi' (Windows NT_amd64 version 6.2) on Fri May 15 09:41:18 +0000 2020
INFO: [HLS 200-10] In directory 'C:/Users/ajaiswal/Downloads/project13-master/mqdss_48.prj/keypair/sim/wrapc'
clang: warning: argument unused during compilation: '-fno-builtin-isinf'
clang: warning: argument unused during compilation: '-fno-builtin-isnan'
INFO: [APCC 202-3] Tmp directory is apcc_db
INFO: [APCC 202-1] APCC is done.
   Compiling (apcc) gf31.c_pre.c.tb.c
INFO: [HLS 200-10] Running 'C:/Xilinx/Vivado/2019.2/bin/unwrapped/win64.o/apcc.exe'
INFO: [HLS 200-10] For user 'ajaiswal' on host 'vlsi' (Windows NT_amd64 version 6.2) on Fri May 15 09:41:24 +0000 2020
INFO: [HLS 200-10] In directory 'C:/Users/ajaiswal/Downloads/project13-master/mqdss_48.prj/keypair/sim/wrapc'
clang: warning: argument unused during compilation: '-fno-builtin-isinf'
clang: warning: argument unused during compilation: '-fno-builtin-isnan'
INFO: [APCC 202-3] Tmp directory is apcc_db
INFO: [APCC 202-1] APCC is done.
   Compiling (apcc) mq.c_pre.c.tb.c
INFO: [HLS 200-10] Running 'C:/Xilinx/Vivado/2019.2/bin/unwrapped/win64.o/apcc.exe'
INFO: [HLS 200-10] For user 'ajaiswal' on host 'vlsi' (Windows NT_amd64 version 6.2) on Fri May 15 09:41:30 +0000 2020
INFO: [HLS 200-10] In directory 'C:/Users/ajaiswal/Downloads/project13-master/mqdss_48.prj/keypair/sim/wrapc'
clang: warning: argument unused during compilation: '-fno-builtin-isinf'
clang: warning: argument unused during compilation: '-fno-builtin-isnan'
INFO: [APCC 202-3] Tmp directory is apcc_db
INFO: [APCC 202-1] APCC is done.
   Compiling (apcc) sign.c_pre.c.tb.c
INFO: [HLS 200-10] Running 'C:/Xilinx/Vivado/2019.2/bin/unwrapped/win64.o/apcc.exe'
INFO: [HLS 200-10] For user 'ajaiswal' on host 'vlsi' (Windows NT_amd64 version 6.2) on Fri May 15 09:41:36 +0000 2020
INFO: [HLS 200-10] In directory 'C:/Users/ajaiswal/Downloads/project13-master/mqdss_48.prj/keypair/sim/wrapc'
clang: warning: argument unused during compilation: '-fno-builtin-isinf'
clang: warning: argument unused during compilation: '-fno-builtin-isnan'
INFO: [APCC 202-3] Tmp directory is apcc_db
INFO: [APCC 202-1] APCC is done.
   Compiling (apcc) newtest_sign.c_pre.c.tb.c
INFO: [HLS 200-10] Running 'C:/Xilinx/Vivado/2019.2/bin/unwrapped/win64.o/apcc.exe'
INFO: [HLS 200-10] For user 'ajaiswal' on host 'vlsi' (Windows NT_amd64 version 6.2) on Fri May 15 09:41:43 +0000 2020
INFO: [HLS 200-10] In directory 'C:/Users/ajaiswal/Downloads/project13-master/mqdss_48.prj/keypair/sim/wrapc'
clang: warning: argument unused during compilation: '-fno-builtin-isinf'
clang: warning: argument unused during compilation: '-fno-builtin-isnan'
INFO: [APCC 202-3] Tmp directory is apcc_db
INFO: [APCC 202-1] APCC is done.
   Compiling (apcc) rng.c_pre.c.tb.c
INFO: [HLS 200-10] Running 'C:/Xilinx/Vivado/2019.2/bin/unwrapped/win64.o/apcc.exe'
INFO: [HLS 200-10] For user 'ajaiswal' on host 'vlsi' (Windows NT_amd64 version 6.2) on Fri May 15 09:41:49 +0000 2020
INFO: [HLS 200-10] In directory 'C:/Users/ajaiswal/Downloads/project13-master/mqdss_48.prj/keypair/sim/wrapc'
clang: warning: argument unused during compilation: '-fno-builtin-isinf'
clang: warning: argument unused during compilation: '-fno-builtin-isnan'
INFO: [APCC 202-3] Tmp directory is apcc_db
INFO: [APCC 202-1] APCC is done.
   Compiling (apcc) fips202.c_pre.c.tb.c
INFO: [HLS 200-10] Running 'C:/Xilinx/Vivado/2019.2/bin/unwrapped/win64.o/apcc.exe'
INFO: [HLS 200-10] For user 'ajaiswal' on host 'vlsi' (Windows NT_amd64 version 6.2) on Fri May 15 09:41:55 +0000 2020
INFO: [HLS 200-10] In directory 'C:/Users/ajaiswal/Downloads/project13-master/mqdss_48.prj/keypair/sim/wrapc'
clang: warning: argument unused during compilation: '-fno-builtin-isinf'
clang: warning: argument unused during compilation: '-fno-builtin-isnan'
INFO: [APCC 202-3] Tmp directory is apcc_db
INFO: [APCC 202-1] APCC is done.
   Generating cosim.tv.exe
